Using pre-set license
Built from '2020.3/staging' branch; Version is '2020.3.20f1 (41c4e627c95f) revision 4310246'; Using compiler version '192528614'; Build Type 'Release'
OS: 'Windows 10 Home; OS build 19042.1288; Version 2009; 64bit' Language: 'en' Physical Memory: 16321 MB
BatchMode: 1, IsHumanControllingUs: 0, StartBugReporterOnCrash: 0, Is64bit: 1, IsPro: 0

COMMAND LINE ARGUMENTS:
F:\2020.3.20f1\Editor\Unity.exe
-adb2
-batchMode
-noUpm
-name
AssetImportWorker0
-projectPath
F:/CPP2Fall2021
-logFile
Logs/AssetImportWorker0.log
-srvPort
56088
Successfully changed project path to: F:/CPP2Fall2021
F:/CPP2Fall2021
Using Asset Import Pipeline V2.
Refreshing native plugins compatible for Editor in 44.38 ms, found 2 plugins.
Preloading 0 native plugins for Editor in 0.00 ms.
Initialize engine version: 2020.3.20f1 (41c4e627c95f)
[Subsystems] Discovering subsystems at path F:/2020.3.20f1/Editor/Data/Resources/UnitySubsystems
[Subsystems] Discovering subsystems at path F:/CPP2Fall2021/Assets
GfxDevice: creating device client; threaded=0
Direct3D:
    Version:  Direct3D 11.0 [level 11.1]
    Renderer: NVIDIA GeForce GTX 1060 6GB (ID=0x1c03)
    Vendor:   
    VRAM:     6052 MB
    Driver:   30.0.14.7196
Initialize mono
Mono path[0] = 'F:/2020.3.20f1/Editor/Data/Managed'
Mono path[1] = 'F:/2020.3.20f1/Editor/Data/MonoBleedingEdge/lib/mono/unityjit'
Mono config path = 'F:/2020.3.20f1/Editor/Data/MonoBleedingEdge/etc'
Using monoOptions --debugger-agent=transport=dt_socket,embedding=1,server=y,suspend=n,address=127.0.0.1:56252
Begin MonoManager ReloadAssembly
Registering precompiled unity dll's ...
Register platform support module: F:/2020.3.20f1/Editor/Data/PlaybackEngines/WindowsStandaloneSupport/UnityEditor.WindowsStandalone.Extensions.dll
Registered in 0.001512 seconds.
Native extension for WindowsStandalone target not found
Refreshing native plugins compatible for Editor in 32.85 ms, found 2 plugins.
Preloading 0 native plugins for Editor in 0.00 ms.
Mono: successfully reloaded assembly
- Completed reload, in  1.637 seconds
Domain Reload Profiling:
	ReloadAssembly (1637ms)
		BeginReloadAssembly (62ms)
			ExecutionOrderSort (0ms)
			DisableScriptedObjects (0ms)
			BackupInstance (0ms)
			ReleaseScriptingObjects (0ms)
			CreateAndSetChildDomain (1ms)
		EndReloadAssembly (497ms)
			LoadAssemblies (62ms)
			RebuildTransferFunctionScriptingTraits (0ms)
			SetupTypeCache (185ms)
			ReleaseScriptCaches (0ms)
			RebuildScriptCaches (32ms)
			SetupLoadedEditorAssemblies (200ms)
				LogAssemblyErrors (0ms)
				InitializePlatformSupportModulesInManaged (3ms)
				SetLoadedEditorAssemblies (0ms)
				RefreshPlugins (33ms)
				BeforeProcessingInitializeOnLoad (16ms)
				ProcessInitializeOnLoadAttributes (109ms)
				ProcessInitializeOnLoadMethodAttributes (37ms)
				AfterProcessingInitializeOnLoad (0ms)
				EditorAssembliesLoaded (0ms)
			ExecutionOrderSort2 (0ms)
			AwakeInstancesAfterBackupRestoration (0ms)
Platform modules already initialized, skipping
Registering precompiled user dll's ...
Registered in 0.001829 seconds.
Begin MonoManager ReloadAssembly
Native extension for WindowsStandalone target not found
Refreshing native plugins compatible for Editor in 0.34 ms, found 2 plugins.
Preloading 0 native plugins for Editor in 0.00 ms.
Mono: successfully reloaded assembly
- Completed reload, in  1.249 seconds
Domain Reload Profiling:
	ReloadAssembly (1250ms)
		BeginReloadAssembly (176ms)
			ExecutionOrderSort (0ms)
			DisableScriptedObjects (6ms)
			BackupInstance (0ms)
			ReleaseScriptingObjects (0ms)
			CreateAndSetChildDomain (25ms)
		EndReloadAssembly (1004ms)
			LoadAssemblies (99ms)
			RebuildTransferFunctionScriptingTraits (0ms)
			SetupTypeCache (372ms)
			ReleaseScriptCaches (0ms)
			RebuildScriptCaches (53ms)
			SetupLoadedEditorAssemblies (371ms)
				LogAssemblyErrors (0ms)
				InitializePlatformSupportModulesInManaged (7ms)
				SetLoadedEditorAssemblies (0ms)
				RefreshPlugins (0ms)
				BeforeProcessingInitializeOnLoad (82ms)
				ProcessInitializeOnLoadAttributes (273ms)
				ProcessInitializeOnLoadMethodAttributes (5ms)
				AfterProcessingInitializeOnLoad (2ms)
				EditorAssembliesLoaded (0ms)
			ExecutionOrderSort2 (0ms)
			AwakeInstancesAfterBackupRestoration (7ms)
Platform modules already initialized, skipping
========================================================================
Worker process is ready to serve import requests
Launched and connected shader compiler UnityShaderCompiler.exe after 0.08 seconds
Refreshing native plugins compatible for Editor in 0.73 ms, found 2 plugins.
Preloading 0 native plugins for Editor in 0.00 ms.
Unloading 1404 Unused Serialized files (Serialized files now loaded: 0)
System memory in use before: 78.7 MB.
System memory in use after: 78.8 MB.

Unloading 16 unused Assets to reduce memory usage. Loaded Objects now: 1865.
Total: 3.510600 ms (FindLiveObjects: 0.153100 ms CreateObjectMapping: 0.058700 ms MarkObjects: 3.174300 ms  DeleteObjects: 0.123200 ms)

AssetImportParameters requested are different than current active one (requested -> active):
  custom:framework-win-MediaFoundation: 216162199b28c13a410421893ffa2e32 -> 
  custom:video-decoder-ogg-theora: a1e56fd34408186e4bbccfd4996cb3dc -> 
  custom:container-muxer-webm: aa71ff27fc2769a1b78a27578f13a17b -> 
  custom:container-demuxer-webm: 4f35f7cbe854078d1ac9338744f61a02 -> 
  custom:container-demuxer-ogg: 62fdf1f143b41e24485cea50d1cbac27 -> 
  custom:video-encoder-webm-vp8: eb34c28f22e8b96e1ab97ce403110664 -> 
  custom:video-codec-MediaFoundation-h265: 746d11721c4dcdbdad8f713fa42b33f4 -> 
  custom:video-decoder-webm-vp8: 9c59270c3fd7afecdb556c50c9e8de78 -> 
  custom:audio-decoder-ogg-vorbis: bf7c407c2cedff20999df2af8eb42d56 -> 
  custom:audio-encoder-webm-vorbis: bf7c407c2cedff20999df2af8eb42d56 -> 
========================================================================
Received Import Request.
  path: Assets/Projectile.prefab
  artifactKey: Guid(11fbbe247dd79ee40be0def506e4bbea) Importer(815301076,1909f56bfc062723c751e8b465ee728b)
Start importing Assets/Projectile.prefab using Guid(11fbbe247dd79ee40be0def506e4bbea) Importer(815301076,1909f56bfc062723c751e8b465ee728b)  -> (artifact id: 'f993e15ae9188c6a4eec6b70b757dd3b') in 0.149022 seconds 
  Import took 0.153639 seconds .

========================================================================
Received Import Request.
  Time since last request: 0.072770 seconds.
  path: Assets/CheckForPlayer.cs
  artifactKey: Guid(b96dd49a147c0034c91a33b549da84e9) Importer(815301076,1909f56bfc062723c751e8b465ee728b)
Start importing Assets/CheckForPlayer.cs using Guid(b96dd49a147c0034c91a33b549da84e9) Importer(815301076,1909f56bfc062723c751e8b465ee728b)  -> (artifact id: '0778e5e4ef482cef2b66c969643f4445') in 0.021879 seconds 
  Import took 0.030570 seconds .

========================================================================
Received Prepare
Registering precompiled user dll's ...
Registered in 0.002207 seconds.
Begin MonoManager ReloadAssembly
Native extension for WindowsStandalone target not found
Refreshing native plugins compatible for Editor in 0.68 ms, found 2 plugins.
Preloading 0 native plugins for Editor in 0.00 ms.
Mono: successfully reloaded assembly
- Completed reload, in  1.374 seconds
Domain Reload Profiling:
	ReloadAssembly (1374ms)
		BeginReloadAssembly (153ms)
			ExecutionOrderSort (0ms)
			DisableScriptedObjects (5ms)
			BackupInstance (0ms)
			ReleaseScriptingObjects (0ms)
			CreateAndSetChildDomain (55ms)
		EndReloadAssembly (1133ms)
			LoadAssemblies (114ms)
			RebuildTransferFunctionScriptingTraits (0ms)
			SetupTypeCache (404ms)
			ReleaseScriptCaches (1ms)
			RebuildScriptCaches (59ms)
			SetupLoadedEditorAssemblies (384ms)
				LogAssemblyErrors (0ms)
				InitializePlatformSupportModulesInManaged (6ms)
				SetLoadedEditorAssemblies (1ms)
				RefreshPlugins (1ms)
				BeforeProcessingInitializeOnLoad (88ms)
				ProcessInitializeOnLoadAttributes (280ms)
				ProcessInitializeOnLoadMethodAttributes (6ms)
				AfterProcessingInitializeOnLoad (3ms)
				EditorAssembliesLoaded (0ms)
			ExecutionOrderSort2 (0ms)
			AwakeInstancesAfterBackupRestoration (11ms)
Platform modules already initialized, skipping
Refreshing native plugins compatible for Editor in 0.41 ms, found 2 plugins.
Preloading 0 native plugins for Editor in 0.00 ms.
Unloading 1398 Unused Serialized files (Serialized files now loaded: 0)
System memory in use before: 81.6 MB.
System memory in use after: 81.7 MB.

Unloading 11 unused Assets to reduce memory usage. Loaded Objects now: 1874.
Total: 2.722000 ms (FindLiveObjects: 0.149700 ms CreateObjectMapping: 0.047300 ms MarkObjects: 2.504800 ms  DeleteObjects: 0.018700 ms)

AssetImportParameters requested are different than current active one (requested -> active):
  custom:framework-win-MediaFoundation: 216162199b28c13a410421893ffa2e32 -> 
  custom:video-decoder-ogg-theora: a1e56fd34408186e4bbccfd4996cb3dc -> 
  custom:container-muxer-webm: aa71ff27fc2769a1b78a27578f13a17b -> 
  custom:container-demuxer-webm: 4f35f7cbe854078d1ac9338744f61a02 -> 
  custom:container-demuxer-ogg: 62fdf1f143b41e24485cea50d1cbac27 -> 
  custom:video-encoder-webm-vp8: eb34c28f22e8b96e1ab97ce403110664 -> 
  custom:video-codec-MediaFoundation-h265: 746d11721c4dcdbdad8f713fa42b33f4 -> 
  custom:video-decoder-webm-vp8: 9c59270c3fd7afecdb556c50c9e8de78 -> 
  custom:audio-decoder-ogg-vorbis: bf7c407c2cedff20999df2af8eb42d56 -> 
  custom:audio-encoder-webm-vorbis: bf7c407c2cedff20999df2af8eb42d56 -> 
========================================================================
Received Import Request.
  Time since last request: 336.342845 seconds.
  path: Assets/CheckForPlayer.cs
  artifactKey: Guid(b96dd49a147c0034c91a33b549da84e9) Importer(815301076,1909f56bfc062723c751e8b465ee728b)
Start importing Assets/CheckForPlayer.cs using Guid(b96dd49a147c0034c91a33b549da84e9) Importer(815301076,1909f56bfc062723c751e8b465ee728b)  -> (artifact id: 'ce8495b4bab18363c3574323f58fb3c9') in 0.032575 seconds 
  Import took 0.054933 seconds .

========================================================================
Received Import Request.
  Time since last request: 29.683778 seconds.
  path: Assets/Player
  artifactKey: Guid(8cc426555a6c4d14ba20c3f5bc30cee0) Importer(815301076,1909f56bfc062723c751e8b465ee728b)
Start importing Assets/Player using Guid(8cc426555a6c4d14ba20c3f5bc30cee0) Importer(815301076,1909f56bfc062723c751e8b465ee728b)  -> (artifact id: '6265d7bdb321020db86e7368930234b6') in 0.039115 seconds 
  Import took 0.060669 seconds .

========================================================================
Received Import Request.
  Time since last request: 17.086595 seconds.
  path: Assets/Player/xbot.fbx
  artifactKey: Guid(0a6af17387171bb46829e243636b080c) Importer(815301076,1909f56bfc062723c751e8b465ee728b)
Start importing Assets/Player/xbot.fbx using Guid(0a6af17387171bb46829e243636b080c) Importer(815301076,1909f56bfc062723c751e8b465ee728b)  -> (artifact id: '472af842765b77f8b92985cebb9e80b8') in 0.788033 seconds 
  Import took 0.806152 seconds .

========================================================================
Received Import Request.
  Time since last request: 18.501364 seconds.
  path: Assets/Player/xbot.fbx
  artifactKey: Guid(0a6af17387171bb46829e243636b080c) Importer(815301076,1909f56bfc062723c751e8b465ee728b)
Start importing Assets/Player/xbot.fbx using Guid(0a6af17387171bb46829e243636b080c) Importer(815301076,1909f56bfc062723c751e8b465ee728b)  -> (artifact id: 'eb8b0adac7883a76b878f7ddda50a263') in 0.081771 seconds 
  Import took 0.096036 seconds .

========================================================================
Received Import Request.
  Time since last request: 128.834497 seconds.
  path: Assets/Player/xbot.fbx
  artifactKey: Guid(0a6af17387171bb46829e243636b080c) Importer(815301076,1909f56bfc062723c751e8b465ee728b)
Start importing Assets/Player/xbot.fbx using Guid(0a6af17387171bb46829e243636b080c) Importer(815301076,1909f56bfc062723c751e8b465ee728b)  -> (artifact id: 'cb97727a3492344756ea586276b710e2') in 0.068582 seconds 
  Import took 0.073259 seconds .

========================================================================
Received Prepare
Registering precompiled user dll's ...
Registered in 0.001741 seconds.
Begin MonoManager ReloadAssembly
Native extension for WindowsStandalone target not found
Refreshing native plugins compatible for Editor in 0.33 ms, found 2 plugins.
Preloading 0 native plugins for Editor in 0.00 ms.
Mono: successfully reloaded assembly
- Completed reload, in  1.216 seconds
Domain Reload Profiling:
	ReloadAssembly (1217ms)
		BeginReloadAssembly (156ms)
			ExecutionOrderSort (0ms)
			DisableScriptedObjects (7ms)
			BackupInstance (0ms)
			ReleaseScriptingObjects (0ms)
			CreateAndSetChildDomain (57ms)
		EndReloadAssembly (982ms)
			LoadAssemblies (124ms)
			RebuildTransferFunctionScriptingTraits (0ms)
			SetupTypeCache (328ms)
			ReleaseScriptCaches (1ms)
			RebuildScriptCaches (50ms)
			SetupLoadedEditorAssemblies (359ms)
				LogAssemblyErrors (0ms)
				InitializePlatformSupportModulesInManaged (5ms)
				SetLoadedEditorAssemblies (0ms)
				RefreshPlugins (0ms)
				BeforeProcessingInitializeOnLoad (81ms)
				ProcessInitializeOnLoadAttributes (262ms)
				ProcessInitializeOnLoadMethodAttributes (6ms)
				AfterProcessingInitializeOnLoad (3ms)
				EditorAssembliesLoaded (0ms)
			ExecutionOrderSort2 (0ms)
			AwakeInstancesAfterBackupRestoration (7ms)
Platform modules already initialized, skipping
Refreshing native plugins compatible for Editor in 0.34 ms, found 2 plugins.
Preloading 0 native plugins for Editor in 0.00 ms.
Unloading 1398 Unused Serialized files (Serialized files now loaded: 0)
System memory in use before: 95.6 MB.
System memory in use after: 95.7 MB.

Unloading 11 unused Assets to reduce memory usage. Loaded Objects now: 1914.
Total: 2.802700 ms (FindLiveObjects: 0.209300 ms CreateObjectMapping: 0.098300 ms MarkObjects: 2.474800 ms  DeleteObjects: 0.018800 ms)

AssetImportParameters requested are different than current active one (requested -> active):
  custom:framework-win-MediaFoundation: 216162199b28c13a410421893ffa2e32 -> 
  custom:video-decoder-ogg-theora: a1e56fd34408186e4bbccfd4996cb3dc -> 
  custom:container-muxer-webm: aa71ff27fc2769a1b78a27578f13a17b -> 
  custom:container-demuxer-webm: 4f35f7cbe854078d1ac9338744f61a02 -> 
  custom:container-demuxer-ogg: 62fdf1f143b41e24485cea50d1cbac27 -> 
  custom:video-encoder-webm-vp8: eb34c28f22e8b96e1ab97ce403110664 -> 
  custom:video-codec-MediaFoundation-h265: 746d11721c4dcdbdad8f713fa42b33f4 -> 
  custom:video-decoder-webm-vp8: 9c59270c3fd7afecdb556c50c9e8de78 -> 
  custom:audio-decoder-ogg-vorbis: bf7c407c2cedff20999df2af8eb42d56 -> 
  custom:audio-encoder-webm-vorbis: bf7c407c2cedff20999df2af8eb42d56 -> 
========================================================================
Received Import Request.
  Time since last request: 359.031517 seconds.
  path: Assets/Player/unarmed walk forward.fbx
  artifactKey: Guid(fa8d03190c5f2dc4397a9454d1d8b562) Importer(815301076,1909f56bfc062723c751e8b465ee728b)
Start importing Assets/Player/unarmed walk forward.fbx using Guid(fa8d03190c5f2dc4397a9454d1d8b562) Importer(815301076,1909f56bfc062723c751e8b465ee728b)  -> (artifact id: '5d54a31ff4affb176aab525b07cca85d') in 0.110072 seconds 
  Import took 0.131838 seconds .

========================================================================
Received Import Request.
  Time since last request: 36.931524 seconds.
  path: Assets/Player/unarmed walk forward.fbx
  artifactKey: Guid(fa8d03190c5f2dc4397a9454d1d8b562) Importer(815301076,1909f56bfc062723c751e8b465ee728b)
Start importing Assets/Player/unarmed walk forward.fbx using Guid(fa8d03190c5f2dc4397a9454d1d8b562) Importer(815301076,1909f56bfc062723c751e8b465ee728b)  -> (artifact id: '675d111e5b2f87ef64724f5f25f896aa') in 0.015393 seconds 
  Import took 0.025207 seconds .

========================================================================
Received Import Request.
  Time since last request: 85.734769 seconds.
  path: Assets/Player/Player.controller
  artifactKey: Guid(74ab4244f47efda428b3c4b0d3976bcb) Importer(815301076,1909f56bfc062723c751e8b465ee728b)
Start importing Assets/Player/Player.controller using Guid(74ab4244f47efda428b3c4b0d3976bcb) Importer(815301076,1909f56bfc062723c751e8b465ee728b)  -> (artifact id: '60d0938cee336117c16c5d07fc83ab2a') in 0.026761 seconds 
  Import took 0.042134 seconds .

========================================================================
Received Prepare
Registering precompiled user dll's ...
Registered in 0.002748 seconds.
Begin MonoManager ReloadAssembly
Native extension for WindowsStandalone target not found
Refreshing native plugins compatible for Editor in 0.34 ms, found 2 plugins.
Preloading 0 native plugins for Editor in 0.00 ms.
Mono: successfully reloaded assembly
- Completed reload, in  1.346 seconds
Domain Reload Profiling:
	ReloadAssembly (1347ms)
		BeginReloadAssembly (120ms)
			ExecutionOrderSort (0ms)
			DisableScriptedObjects (6ms)
			BackupInstance (0ms)
			ReleaseScriptingObjects (0ms)
			CreateAndSetChildDomain (39ms)
		EndReloadAssembly (1155ms)
			LoadAssemblies (98ms)
			RebuildTransferFunctionScriptingTraits (0ms)
			SetupTypeCache (393ms)
			ReleaseScriptCaches (1ms)
			RebuildScriptCaches (43ms)
			SetupLoadedEditorAssemblies (451ms)
				LogAssemblyErrors (0ms)
				InitializePlatformSupportModulesInManaged (7ms)
				SetLoadedEditorAssemblies (1ms)
				RefreshPlugins (0ms)
				BeforeProcessingInitializeOnLoad (104ms)
				ProcessInitializeOnLoadAttributes (328ms)
				ProcessInitializeOnLoadMethodAttributes (7ms)
				AfterProcessingInitializeOnLoad (4ms)
				EditorAssembliesLoaded (0ms)
			ExecutionOrderSort2 (0ms)
			AwakeInstancesAfterBackupRestoration (12ms)
Platform modules already initialized, skipping
Refreshing native plugins compatible for Editor in 0.61 ms, found 2 plugins.
Preloading 0 native plugins for Editor in 0.00 ms.
Unloading 1398 Unused Serialized files (Serialized files now loaded: 0)
System memory in use before: 95.6 MB.
System memory in use after: 95.7 MB.

Unloading 11 unused Assets to reduce memory usage. Loaded Objects now: 1916.
Total: 3.452700 ms (FindLiveObjects: 0.176500 ms CreateObjectMapping: 0.047800 ms MarkObjects: 3.206800 ms  DeleteObjects: 0.020000 ms)

AssetImportParameters requested are different than current active one (requested -> active):
  custom:framework-win-MediaFoundation: 216162199b28c13a410421893ffa2e32 -> 
  custom:video-decoder-ogg-theora: a1e56fd34408186e4bbccfd4996cb3dc -> 
  custom:container-muxer-webm: aa71ff27fc2769a1b78a27578f13a17b -> 
  custom:container-demuxer-webm: 4f35f7cbe854078d1ac9338744f61a02 -> 
  custom:container-demuxer-ogg: 62fdf1f143b41e24485cea50d1cbac27 -> 
  custom:video-encoder-webm-vp8: eb34c28f22e8b96e1ab97ce403110664 -> 
  custom:video-codec-MediaFoundation-h265: 746d11721c4dcdbdad8f713fa42b33f4 -> 
  custom:video-decoder-webm-vp8: 9c59270c3fd7afecdb556c50c9e8de78 -> 
  custom:audio-decoder-ogg-vorbis: bf7c407c2cedff20999df2af8eb42d56 -> 
  custom:audio-encoder-webm-vorbis: bf7c407c2cedff20999df2af8eb42d56 -> 
========================================================================
Received Import Request.
  Time since last request: 46.389673 seconds.
  path: Assets/Player/unarmed walk forward.fbx
  artifactKey: Guid(fa8d03190c5f2dc4397a9454d1d8b562) Importer(815301076,1909f56bfc062723c751e8b465ee728b)
Start importing Assets/Player/unarmed walk forward.fbx using Guid(fa8d03190c5f2dc4397a9454d1d8b562) Importer(815301076,1909f56bfc062723c751e8b465ee728b)  -> (artifact id: 'cddf985f92cbd504b0e95f8546e1f362') in 0.046000 seconds 
  Import took 0.049663 seconds .

========================================================================
Received Prepare
Registering precompiled user dll's ...
Registered in 0.002535 seconds.
Begin MonoManager ReloadAssembly
Native extension for WindowsStandalone target not found
Refreshing native plugins compatible for Editor in 0.35 ms, found 2 plugins.
Preloading 0 native plugins for Editor in 0.00 ms.
Mono: successfully reloaded assembly
- Completed reload, in  1.387 seconds
Domain Reload Profiling:
	ReloadAssembly (1389ms)
		BeginReloadAssembly (153ms)
			ExecutionOrderSort (0ms)
			DisableScriptedObjects (7ms)
			BackupInstance (0ms)
			ReleaseScriptingObjects (0ms)
			CreateAndSetChildDomain (51ms)
		EndReloadAssembly (1152ms)
			LoadAssemblies (122ms)
			RebuildTransferFunctionScriptingTraits (0ms)
			SetupTypeCache (385ms)
			ReleaseScriptCaches (3ms)
			RebuildScriptCaches (51ms)
			SetupLoadedEditorAssemblies (468ms)
				LogAssemblyErrors (0ms)
				InitializePlatformSupportModulesInManaged (5ms)
				SetLoadedEditorAssemblies (0ms)
				RefreshPlugins (0ms)
				BeforeProcessingInitializeOnLoad (95ms)
				ProcessInitializeOnLoadAttributes (358ms)
				ProcessInitializeOnLoadMethodAttributes (6ms)
				AfterProcessingInitializeOnLoad (2ms)
				EditorAssembliesLoaded (0ms)
			ExecutionOrderSort2 (0ms)
			AwakeInstancesAfterBackupRestoration (11ms)
Platform modules already initialized, skipping
Refreshing native plugins compatible for Editor in 1.04 ms, found 2 plugins.
Preloading 0 native plugins for Editor in 0.00 ms.
Unloading 1398 Unused Serialized files (Serialized files now loaded: 0)
System memory in use before: 95.6 MB.
System memory in use after: 95.7 MB.

Unloading 11 unused Assets to reduce memory usage. Loaded Objects now: 1918.
Total: 4.827500 ms (FindLiveObjects: 0.532000 ms CreateObjectMapping: 0.169600 ms MarkObjects: 4.102600 ms  DeleteObjects: 0.021000 ms)

AssetImportParameters requested are different than current active one (requested -> active):
  custom:framework-win-MediaFoundation: 216162199b28c13a410421893ffa2e32 -> 
  custom:video-decoder-ogg-theora: a1e56fd34408186e4bbccfd4996cb3dc -> 
  custom:container-muxer-webm: aa71ff27fc2769a1b78a27578f13a17b -> 
  custom:container-demuxer-webm: 4f35f7cbe854078d1ac9338744f61a02 -> 
  custom:container-demuxer-ogg: 62fdf1f143b41e24485cea50d1cbac27 -> 
  custom:video-encoder-webm-vp8: eb34c28f22e8b96e1ab97ce403110664 -> 
  custom:video-codec-MediaFoundation-h265: 746d11721c4dcdbdad8f713fa42b33f4 -> 
  custom:video-decoder-webm-vp8: 9c59270c3fd7afecdb556c50c9e8de78 -> 
  custom:audio-decoder-ogg-vorbis: bf7c407c2cedff20999df2af8eb42d56 -> 
  custom:audio-encoder-webm-vorbis: bf7c407c2cedff20999df2af8eb42d56 -> 
========================================================================
Received Import Request.
  Time since last request: 79.590388 seconds.
  path: Assets/Player/unarmed walk forward.fbx
  artifactKey: Guid(fa8d03190c5f2dc4397a9454d1d8b562) Importer(815301076,1909f56bfc062723c751e8b465ee728b)
Start importing Assets/Player/unarmed walk forward.fbx using Guid(fa8d03190c5f2dc4397a9454d1d8b562) Importer(815301076,1909f56bfc062723c751e8b465ee728b)  -> (artifact id: '4e55bbf40ec331c1d45d6cc156af7892') in 0.046951 seconds 
  Import took 0.068921 seconds .

========================================================================
Received Import Request.
  Time since last request: 20.605626 seconds.
  path: Assets/Player/unarmed walk forward.fbx
  artifactKey: Guid(fa8d03190c5f2dc4397a9454d1d8b562) Importer(815301076,1909f56bfc062723c751e8b465ee728b)
Start importing Assets/Player/unarmed walk forward.fbx using Guid(fa8d03190c5f2dc4397a9454d1d8b562) Importer(815301076,1909f56bfc062723c751e8b465ee728b)  -> (artifact id: '53ac34c2a31e57afc3d163d95cb10836') in 0.010878 seconds 
  Import took 0.014773 seconds .

========================================================================
Received Prepare
Registering precompiled user dll's ...
Registered in 0.003424 seconds.
Begin MonoManager ReloadAssembly
Native extension for WindowsStandalone target not found
Refreshing native plugins compatible for Editor in 0.66 ms, found 2 plugins.
Preloading 0 native plugins for Editor in 0.00 ms.
Mono: successfully reloaded assembly
- Completed reload, in  1.221 seconds
Domain Reload Profiling:
	ReloadAssembly (1221ms)
		BeginReloadAssembly (137ms)
			ExecutionOrderSort (0ms)
			DisableScriptedObjects (6ms)
			BackupInstance (0ms)
			ReleaseScriptingObjects (0ms)
			CreateAndSetChildDomain (58ms)
		EndReloadAssembly (1014ms)
			LoadAssemblies (96ms)
			RebuildTransferFunctionScriptingTraits (0ms)
			SetupTypeCache (390ms)
			ReleaseScriptCaches (1ms)
			RebuildScriptCaches (49ms)
			SetupLoadedEditorAssemblies (347ms)
				LogAssemblyErrors (0ms)
				InitializePlatformSupportModulesInManaged (5ms)
				SetLoadedEditorAssemblies (1ms)
				RefreshPlugins (1ms)
				BeforeProcessingInitializeOnLoad (74ms)
				ProcessInitializeOnLoadAttributes (249ms)
				ProcessInitializeOnLoadMethodAttributes (10ms)
				AfterProcessingInitializeOnLoad (5ms)
				EditorAssembliesLoaded (2ms)
			ExecutionOrderSort2 (0ms)
			AwakeInstancesAfterBackupRestoration (9ms)
Platform modules already initialized, skipping
Refreshing native plugins compatible for Editor in 0.54 ms, found 2 plugins.
Preloading 0 native plugins for Editor in 0.00 ms.
Unloading 1398 Unused Serialized files (Serialized files now loaded: 0)
System memory in use before: 95.6 MB.
System memory in use after: 95.7 MB.

Unloading 11 unused Assets to reduce memory usage. Loaded Objects now: 1920.
Total: 2.570100 ms (FindLiveObjects: 0.150400 ms CreateObjectMapping: 0.048700 ms MarkObjects: 2.356100 ms  DeleteObjects: 0.013900 ms)

AssetImportParameters requested are different than current active one (requested -> active):
  custom:framework-win-MediaFoundation: 216162199b28c13a410421893ffa2e32 -> 
  custom:video-decoder-ogg-theora: a1e56fd34408186e4bbccfd4996cb3dc -> 
  custom:container-muxer-webm: aa71ff27fc2769a1b78a27578f13a17b -> 
  custom:container-demuxer-webm: 4f35f7cbe854078d1ac9338744f61a02 -> 
  custom:container-demuxer-ogg: 62fdf1f143b41e24485cea50d1cbac27 -> 
  custom:video-encoder-webm-vp8: eb34c28f22e8b96e1ab97ce403110664 -> 
  custom:video-codec-MediaFoundation-h265: 746d11721c4dcdbdad8f713fa42b33f4 -> 
  custom:video-decoder-webm-vp8: 9c59270c3fd7afecdb556c50c9e8de78 -> 
  custom:audio-decoder-ogg-vorbis: bf7c407c2cedff20999df2af8eb42d56 -> 
  custom:audio-encoder-webm-vorbis: bf7c407c2cedff20999df2af8eb42d56 -> 
========================================================================
Received Import Request.
  Time since last request: 41.973933 seconds.
  path: Assets/Player/unarmed idle.fbx
  artifactKey: Guid(a825dbae8d0bd744b9f5460aa3a68bba) Importer(815301076,1909f56bfc062723c751e8b465ee728b)
Start importing Assets/Player/unarmed idle.fbx using Guid(a825dbae8d0bd744b9f5460aa3a68bba) Importer(815301076,1909f56bfc062723c751e8b465ee728b)  -> (artifact id: '5631d206ee81cac9ba607dad343e597a') in 0.032682 seconds 
  Import took 0.049356 seconds .

========================================================================
Received Import Request.
  Time since last request: 7.870630 seconds.
  path: Assets/Player/unarmed idle.fbx
  artifactKey: Guid(a825dbae8d0bd744b9f5460aa3a68bba) Importer(815301076,1909f56bfc062723c751e8b465ee728b)
Start importing Assets/Player/unarmed idle.fbx using Guid(a825dbae8d0bd744b9f5460aa3a68bba) Importer(815301076,1909f56bfc062723c751e8b465ee728b)  -> (artifact id: '954357112968519cfa0c03ecfd944770') in 0.010435 seconds 
  Import took 0.029799 seconds .

========================================================================
Received Import Request.
  Time since last request: 52.563622 seconds.
  path: Assets/Player/unarmed idle.fbx
  artifactKey: Guid(a825dbae8d0bd744b9f5460aa3a68bba) Importer(815301076,1909f56bfc062723c751e8b465ee728b)
Start importing Assets/Player/unarmed idle.fbx using Guid(a825dbae8d0bd744b9f5460aa3a68bba) Importer(815301076,1909f56bfc062723c751e8b465ee728b)  -> (artifact id: '1f1d75710e5df31de7564488202879a1') in 0.009079 seconds 
  Import took 0.013409 seconds .

========================================================================
Received Import Request.
  Time since last request: 8.777975 seconds.
  path: Assets/Player/unarmed idle.fbx
  artifactKey: Guid(a825dbae8d0bd744b9f5460aa3a68bba) Importer(815301076,1909f56bfc062723c751e8b465ee728b)
Start importing Assets/Player/unarmed idle.fbx using Guid(a825dbae8d0bd744b9f5460aa3a68bba) Importer(815301076,1909f56bfc062723c751e8b465ee728b)  -> (artifact id: 'dba6022064afb125ca57783dd406947e') in 0.013536 seconds 
  Import took 0.017120 seconds .

========================================================================
Received Prepare
Registering precompiled user dll's ...
Registered in 0.002301 seconds.
Begin MonoManager ReloadAssembly
Native extension for WindowsStandalone target not found
Refreshing native plugins compatible for Editor in 0.35 ms, found 2 plugins.
Preloading 0 native plugins for Editor in 0.00 ms.
Mono: successfully reloaded assembly
- Completed reload, in  1.163 seconds
Domain Reload Profiling:
	ReloadAssembly (1164ms)
		BeginReloadAssembly (109ms)
			ExecutionOrderSort (0ms)
			DisableScriptedObjects (7ms)
			BackupInstance (0ms)
			ReleaseScriptingObjects (0ms)
			CreateAndSetChildDomain (35ms)
		EndReloadAssembly (983ms)
			LoadAssemblies (91ms)
			RebuildTransferFunctionScriptingTraits (0ms)
			SetupTypeCache (325ms)
			ReleaseScriptCaches (3ms)
			RebuildScriptCaches (45ms)
			SetupLoadedEditorAssemblies (410ms)
				LogAssemblyErrors (0ms)
				InitializePlatformSupportModulesInManaged (5ms)
				SetLoadedEditorAssemblies (0ms)
				RefreshPlugins (0ms)
				BeforeProcessingInitializeOnLoad (74ms)
				ProcessInitializeOnLoadAttributes (320ms)
				ProcessInitializeOnLoadMethodAttributes (6ms)
				AfterProcessingInitializeOnLoad (3ms)
				EditorAssembliesLoaded (1ms)
			ExecutionOrderSort2 (0ms)
			AwakeInstancesAfterBackupRestoration (10ms)
Platform modules already initialized, skipping
Refreshing native plugins compatible for Editor in 0.51 ms, found 2 plugins.
Preloading 0 native plugins for Editor in 0.00 ms.
Unloading 1398 Unused Serialized files (Serialized files now loaded: 0)
System memory in use before: 95.6 MB.
System memory in use after: 95.8 MB.

Unloading 11 unused Assets to reduce memory usage. Loaded Objects now: 1922.
Total: 2.986700 ms (FindLiveObjects: 0.159500 ms CreateObjectMapping: 0.048000 ms MarkObjects: 2.759300 ms  DeleteObjects: 0.018700 ms)

AssetImportParameters requested are different than current active one (requested -> active):
  custom:framework-win-MediaFoundation: 216162199b28c13a410421893ffa2e32 -> 
  custom:video-decoder-ogg-theora: a1e56fd34408186e4bbccfd4996cb3dc -> 
  custom:container-muxer-webm: aa71ff27fc2769a1b78a27578f13a17b -> 
  custom:container-demuxer-webm: 4f35f7cbe854078d1ac9338744f61a02 -> 
  custom:container-demuxer-ogg: 62fdf1f143b41e24485cea50d1cbac27 -> 
  custom:video-encoder-webm-vp8: eb34c28f22e8b96e1ab97ce403110664 -> 
  custom:video-codec-MediaFoundation-h265: 746d11721c4dcdbdad8f713fa42b33f4 -> 
  custom:video-decoder-webm-vp8: 9c59270c3fd7afecdb556c50c9e8de78 -> 
  custom:audio-decoder-ogg-vorbis: bf7c407c2cedff20999df2af8eb42d56 -> 
  custom:audio-encoder-webm-vorbis: bf7c407c2cedff20999df2af8eb42d56 -> 
========================================================================
Received Prepare
Registering precompiled user dll's ...
Registered in 0.001769 seconds.
Begin MonoManager ReloadAssembly
Native extension for WindowsStandalone target not found
Refreshing native plugins compatible for Editor in 0.35 ms, found 2 plugins.
Preloading 0 native plugins for Editor in 0.00 ms.
Mono: successfully reloaded assembly
- Completed reload, in  1.385 seconds
Domain Reload Profiling:
	ReloadAssembly (1386ms)
		BeginReloadAssembly (186ms)
			ExecutionOrderSort (0ms)
			DisableScriptedObjects (7ms)
			BackupInstance (0ms)
			ReleaseScriptingObjects (0ms)
			CreateAndSetChildDomain (68ms)
		EndReloadAssembly (1109ms)
			LoadAssemblies (103ms)
			RebuildTransferFunctionScriptingTraits (0ms)
			SetupTypeCache (356ms)
			ReleaseScriptCaches (1ms)
			RebuildScriptCaches (60ms)
			SetupLoadedEditorAssemblies (474ms)
				LogAssemblyErrors (0ms)
				InitializePlatformSupportModulesInManaged (6ms)
				SetLoadedEditorAssemblies (0ms)
				RefreshPlugins (0ms)
				BeforeProcessingInitializeOnLoad (75ms)
				ProcessInitializeOnLoadAttributes (385ms)
				ProcessInitializeOnLoadMethodAttributes (5ms)
				AfterProcessingInitializeOnLoad (2ms)
				EditorAssembliesLoaded (0ms)
			ExecutionOrderSort2 (0ms)
			AwakeInstancesAfterBackupRestoration (7ms)
Platform modules already initialized, skipping
Refreshing native plugins compatible for Editor in 0.43 ms, found 2 plugins.
Preloading 0 native plugins for Editor in 0.00 ms.
Unloading 1398 Unused Serialized files (Serialized files now loaded: 0)
System memory in use before: 95.6 MB.
System memory in use after: 95.8 MB.

Unloading 11 unused Assets to reduce memory usage. Loaded Objects now: 1924.
Total: 5.365900 ms (FindLiveObjects: 0.200800 ms CreateObjectMapping: 0.159100 ms MarkObjects: 4.966900 ms  DeleteObjects: 0.036800 ms)

AssetImportParameters requested are different than current active one (requested -> active):
  custom:framework-win-MediaFoundation: 216162199b28c13a410421893ffa2e32 -> 
  custom:video-decoder-ogg-theora: a1e56fd34408186e4bbccfd4996cb3dc -> 
  custom:container-muxer-webm: aa71ff27fc2769a1b78a27578f13a17b -> 
  custom:container-demuxer-webm: 4f35f7cbe854078d1ac9338744f61a02 -> 
  custom:container-demuxer-ogg: 62fdf1f143b41e24485cea50d1cbac27 -> 
  custom:video-encoder-webm-vp8: eb34c28f22e8b96e1ab97ce403110664 -> 
  custom:video-codec-MediaFoundation-h265: 746d11721c4dcdbdad8f713fa42b33f4 -> 
  custom:video-decoder-webm-vp8: 9c59270c3fd7afecdb556c50c9e8de78 -> 
  custom:audio-decoder-ogg-vorbis: bf7c407c2cedff20999df2af8eb42d56 -> 
  custom:audio-encoder-webm-vorbis: bf7c407c2cedff20999df2af8eb42d56 -> 
========================================================================
Received Import Request.
  Time since last request: 773.518462 seconds.
  path: Assets/Scripts/Character/Character.cs
  artifactKey: Guid(e5d95f13a4ef41b4ca11e75070d4e788) Importer(815301076,1909f56bfc062723c751e8b465ee728b)
Start importing Assets/Scripts/Character/Character.cs using Guid(e5d95f13a4ef41b4ca11e75070d4e788) Importer(815301076,1909f56bfc062723c751e8b465ee728b)  -> (artifact id: 'e4749d72fa41e4f1cdc50814325bddee') in 0.034867 seconds 
  Import took 0.061536 seconds .

========================================================================
Received Prepare
Registering precompiled user dll's ...
Registered in 0.003176 seconds.
Begin MonoManager ReloadAssembly
Native extension for WindowsStandalone target not found
Refreshing native plugins compatible for Editor in 0.45 ms, found 2 plugins.
Preloading 0 native plugins for Editor in 0.00 ms.
Mono: successfully reloaded assembly
- Completed reload, in  1.606 seconds
Domain Reload Profiling:
	ReloadAssembly (1607ms)
		BeginReloadAssembly (156ms)
			ExecutionOrderSort (0ms)
			DisableScriptedObjects (8ms)
			BackupInstance (0ms)
			ReleaseScriptingObjects (0ms)
			CreateAndSetChildDomain (59ms)
		EndReloadAssembly (1323ms)
			LoadAssemblies (126ms)
			RebuildTransferFunctionScriptingTraits (0ms)
			SetupTypeCache (501ms)
			ReleaseScriptCaches (1ms)
			RebuildScriptCaches (64ms)
			SetupLoadedEditorAssemblies (463ms)
				LogAssemblyErrors (0ms)
				InitializePlatformSupportModulesInManaged (10ms)
				SetLoadedEditorAssemblies (1ms)
				RefreshPlugins (1ms)
				BeforeProcessingInitializeOnLoad (107ms)
				ProcessInitializeOnLoadAttributes (333ms)
				ProcessInitializeOnLoadMethodAttributes (6ms)
				AfterProcessingInitializeOnLoad (5ms)
				EditorAssembliesLoaded (0ms)
			ExecutionOrderSort2 (0ms)
			AwakeInstancesAfterBackupRestoration (10ms)
Platform modules already initialized, skipping
Refreshing native plugins compatible for Editor in 0.58 ms, found 2 plugins.
Preloading 0 native plugins for Editor in 0.00 ms.
Unloading 1398 Unused Serialized files (Serialized files now loaded: 0)
System memory in use before: 95.7 MB.
System memory in use after: 95.8 MB.

Unloading 11 unused Assets to reduce memory usage. Loaded Objects now: 1926.
Total: 6.445800 ms (FindLiveObjects: 0.214500 ms CreateObjectMapping: 0.103000 ms MarkObjects: 6.104300 ms  DeleteObjects: 0.020600 ms)

AssetImportParameters requested are different than current active one (requested -> active):
  custom:framework-win-MediaFoundation: 216162199b28c13a410421893ffa2e32 -> 
  custom:video-decoder-ogg-theora: a1e56fd34408186e4bbccfd4996cb3dc -> 
  custom:container-muxer-webm: aa71ff27fc2769a1b78a27578f13a17b -> 
  custom:container-demuxer-webm: 4f35f7cbe854078d1ac9338744f61a02 -> 
  custom:container-demuxer-ogg: 62fdf1f143b41e24485cea50d1cbac27 -> 
  custom:video-encoder-webm-vp8: eb34c28f22e8b96e1ab97ce403110664 -> 
  custom:video-codec-MediaFoundation-h265: 746d11721c4dcdbdad8f713fa42b33f4 -> 
  custom:video-decoder-webm-vp8: 9c59270c3fd7afecdb556c50c9e8de78 -> 
  custom:audio-decoder-ogg-vorbis: bf7c407c2cedff20999df2af8eb42d56 -> 
  custom:audio-encoder-webm-vorbis: bf7c407c2cedff20999df2af8eb42d56 -> 
========================================================================
Received Import Request.
  Time since last request: 168.379737 seconds.
  path: Assets/Scripts/Character/Character.cs
  artifactKey: Guid(e5d95f13a4ef41b4ca11e75070d4e788) Importer(815301076,1909f56bfc062723c751e8b465ee728b)
Start importing Assets/Scripts/Character/Character.cs using Guid(e5d95f13a4ef41b4ca11e75070d4e788) Importer(815301076,1909f56bfc062723c751e8b465ee728b)  -> (artifact id: 'b82527809f98e773ce365786a88ca109') in 0.008505 seconds 
  Import took 0.029074 seconds .

========================================================================
Received Prepare
Registering precompiled user dll's ...
Registered in 0.002363 seconds.
Begin MonoManager ReloadAssembly
Native extension for WindowsStandalone target not found
Refreshing native plugins compatible for Editor in 0.37 ms, found 2 plugins.
Preloading 0 native plugins for Editor in 0.00 ms.
Mono: successfully reloaded assembly
- Completed reload, in  1.239 seconds
Domain Reload Profiling:
	ReloadAssembly (1240ms)
		BeginReloadAssembly (158ms)
			ExecutionOrderSort (0ms)
			DisableScriptedObjects (19ms)
			BackupInstance (0ms)
			ReleaseScriptingObjects (0ms)
			CreateAndSetChildDomain (54ms)
		EndReloadAssembly (994ms)
			LoadAssemblies (107ms)
			RebuildTransferFunctionScriptingTraits (0ms)
			SetupTypeCache (404ms)
			ReleaseScriptCaches (2ms)
			RebuildScriptCaches (50ms)
			SetupLoadedEditorAssemblies (311ms)
				LogAssemblyErrors (0ms)
				InitializePlatformSupportModulesInManaged (6ms)
				SetLoadedEditorAssemblies (1ms)
				RefreshPlugins (0ms)
				BeforeProcessingInitializeOnLoad (71ms)
				ProcessInitializeOnLoadAttributes (225ms)
				ProcessInitializeOnLoadMethodAttributes (5ms)
				AfterProcessingInitializeOnLoad (2ms)
				EditorAssembliesLoaded (0ms)
			ExecutionOrderSort2 (0ms)
			AwakeInstancesAfterBackupRestoration (11ms)
Platform modules already initialized, skipping
Refreshing native plugins compatible for Editor in 0.41 ms, found 2 plugins.
Preloading 0 native plugins for Editor in 0.00 ms.
Unloading 1398 Unused Serialized files (Serialized files now loaded: 0)
System memory in use before: 95.7 MB.
System memory in use after: 95.8 MB.

Unloading 11 unused Assets to reduce memory usage. Loaded Objects now: 1928.
Total: 2.670600 ms (FindLiveObjects: 0.153700 ms CreateObjectMapping: 0.048200 ms MarkObjects: 2.448800 ms  DeleteObjects: 0.018900 ms)

AssetImportParameters requested are different than current active one (requested -> active):
  custom:framework-win-MediaFoundation: 216162199b28c13a410421893ffa2e32 -> 
  custom:video-decoder-ogg-theora: a1e56fd34408186e4bbccfd4996cb3dc -> 
  custom:container-muxer-webm: aa71ff27fc2769a1b78a27578f13a17b -> 
  custom:container-demuxer-webm: 4f35f7cbe854078d1ac9338744f61a02 -> 
  custom:container-demuxer-ogg: 62fdf1f143b41e24485cea50d1cbac27 -> 
  custom:video-encoder-webm-vp8: eb34c28f22e8b96e1ab97ce403110664 -> 
  custom:video-codec-MediaFoundation-h265: 746d11721c4dcdbdad8f713fa42b33f4 -> 
  custom:video-decoder-webm-vp8: 9c59270c3fd7afecdb556c50c9e8de78 -> 
  custom:audio-decoder-ogg-vorbis: bf7c407c2cedff20999df2af8eb42d56 -> 
  custom:audio-encoder-webm-vorbis: bf7c407c2cedff20999df2af8eb42d56 -> 
========================================================================
Received Import Request.
  Time since last request: 87.717567 seconds.
  path: Assets/Scripts/Character/Character.cs
  artifactKey: Guid(e5d95f13a4ef41b4ca11e75070d4e788) Importer(815301076,1909f56bfc062723c751e8b465ee728b)
Start importing Assets/Scripts/Character/Character.cs using Guid(e5d95f13a4ef41b4ca11e75070d4e788) Importer(815301076,1909f56bfc062723c751e8b465ee728b)  -> (artifact id: '6b9672b2e5fa9edcd395a4740ec9af0c') in 0.005006 seconds 
  Import took 0.024148 seconds .

========================================================================
Received Prepare
Registering precompiled user dll's ...
Registered in 0.001816 seconds.
Begin MonoManager ReloadAssembly
Native extension for WindowsStandalone target not found
Refreshing native plugins compatible for Editor in 0.57 ms, found 2 plugins.
Preloading 0 native plugins for Editor in 0.00 ms.
Mono: successfully reloaded assembly
- Completed reload, in  1.170 seconds
Domain Reload Profiling:
	ReloadAssembly (1171ms)
		BeginReloadAssembly (123ms)
			ExecutionOrderSort (0ms)
			DisableScriptedObjects (8ms)
			BackupInstance (0ms)
			ReleaseScriptingObjects (0ms)
			CreateAndSetChildDomain (36ms)
		EndReloadAssembly (970ms)
			LoadAssemblies (96ms)
			RebuildTransferFunctionScriptingTraits (0ms)
			SetupTypeCache (369ms)
			ReleaseScriptCaches (1ms)
			RebuildScriptCaches (45ms)
			SetupLoadedEditorAssemblies (339ms)
				LogAssemblyErrors (0ms)
				InitializePlatformSupportModulesInManaged (8ms)
				SetLoadedEditorAssemblies (1ms)
				RefreshPlugins (1ms)
				BeforeProcessingInitializeOnLoad (73ms)
				ProcessInitializeOnLoadAttributes (250ms)
				ProcessInitializeOnLoadMethodAttributes (4ms)
				AfterProcessingInitializeOnLoad (2ms)
				EditorAssembliesLoaded (0ms)
			ExecutionOrderSort2 (0ms)
			AwakeInstancesAfterBackupRestoration (11ms)
Platform modules already initialized, skipping
Refreshing native plugins compatible for Editor in 1.62 ms, found 2 plugins.
Preloading 0 native plugins for Editor in 0.00 ms.
Unloading 1398 Unused Serialized files (Serialized files now loaded: 0)
System memory in use before: 95.7 MB.
System memory in use after: 95.8 MB.

Unloading 11 unused Assets to reduce memory usage. Loaded Objects now: 1930.
Total: 4.381000 ms (FindLiveObjects: 0.183800 ms CreateObjectMapping: 0.050200 ms MarkObjects: 4.120100 ms  DeleteObjects: 0.025200 ms)

AssetImportParameters requested are different than current active one (requested -> active):
  custom:framework-win-MediaFoundation: 216162199b28c13a410421893ffa2e32 -> 
  custom:video-decoder-ogg-theora: a1e56fd34408186e4bbccfd4996cb3dc -> 
  custom:container-muxer-webm: aa71ff27fc2769a1b78a27578f13a17b -> 
  custom:container-demuxer-webm: 4f35f7cbe854078d1ac9338744f61a02 -> 
  custom:container-demuxer-ogg: 62fdf1f143b41e24485cea50d1cbac27 -> 
  custom:video-encoder-webm-vp8: eb34c28f22e8b96e1ab97ce403110664 -> 
  custom:video-codec-MediaFoundation-h265: 746d11721c4dcdbdad8f713fa42b33f4 -> 
  custom:video-decoder-webm-vp8: 9c59270c3fd7afecdb556c50c9e8de78 -> 
  custom:audio-decoder-ogg-vorbis: bf7c407c2cedff20999df2af8eb42d56 -> 
  custom:audio-encoder-webm-vorbis: bf7c407c2cedff20999df2af8eb42d56 -> 
========================================================================
Received Import Request.
  Time since last request: 2.433834 seconds.
  path: Assets/Player/unarmed walk back.fbx
  artifactKey: Guid(910ff96aef6a9fa488d927ff993a1d0c) Importer(815301076,1909f56bfc062723c751e8b465ee728b)
Start importing Assets/Player/unarmed walk back.fbx using Guid(910ff96aef6a9fa488d927ff993a1d0c) Importer(815301076,1909f56bfc062723c751e8b465ee728b)  -> (artifact id: '3b9861ed77152a7b5704e4ac52d99a8e') in 0.074101 seconds 
  Import took 0.090450 seconds .

========================================================================
Received Import Request.
  Time since last request: 16.644563 seconds.
  path: Assets/Player/unarmed walk back.fbx
  artifactKey: Guid(910ff96aef6a9fa488d927ff993a1d0c) Importer(815301076,1909f56bfc062723c751e8b465ee728b)
Start importing Assets/Player/unarmed walk back.fbx using Guid(910ff96aef6a9fa488d927ff993a1d0c) Importer(815301076,1909f56bfc062723c751e8b465ee728b)  -> (artifact id: '35aa8cc2ae342690d5a30edc0e74b7e4') in 0.009639 seconds 
  Import took 0.021198 seconds .

========================================================================
Received Import Request.
  Time since last request: 118.487066 seconds.
  path: Assets/Player/unarmed walk back.fbx
  artifactKey: Guid(910ff96aef6a9fa488d927ff993a1d0c) Importer(815301076,1909f56bfc062723c751e8b465ee728b)
Start importing Assets/Player/unarmed walk back.fbx using Guid(910ff96aef6a9fa488d927ff993a1d0c) Importer(815301076,1909f56bfc062723c751e8b465ee728b)  -> (artifact id: 'f0ce200a58282ccde9caaa59eff191fd') in 0.034738 seconds 
  Import took 0.047151 seconds .

========================================================================
Received Import Request.
  Time since last request: 56.461297 seconds.
  path: Assets/Player/unarmed walk forward.fbx
  artifactKey: Guid(fa8d03190c5f2dc4397a9454d1d8b562) Importer(815301076,1909f56bfc062723c751e8b465ee728b)
Start importing Assets/Player/unarmed walk forward.fbx using Guid(fa8d03190c5f2dc4397a9454d1d8b562) Importer(815301076,1909f56bfc062723c751e8b465ee728b)  -> (artifact id: '2686c887cf7a6c34fee0e8846bd7fcc8') in 0.052223 seconds 
  Import took 0.068027 seconds .

========================================================================
Received Prepare
Registering precompiled user dll's ...
Registered in 0.019455 seconds.
Begin MonoManager ReloadAssembly
Native extension for WindowsStandalone target not found
Refreshing native plugins compatible for Editor in 0.42 ms, found 2 plugins.
Preloading 0 native plugins for Editor in 0.00 ms.
Mono: successfully reloaded assembly
- Completed reload, in  1.263 seconds
Domain Reload Profiling:
	ReloadAssembly (1263ms)
		BeginReloadAssembly (128ms)
			ExecutionOrderSort (0ms)
			DisableScriptedObjects (5ms)
			BackupInstance (0ms)
			ReleaseScriptingObjects (0ms)
			CreateAndSetChildDomain (56ms)
		EndReloadAssembly (1077ms)
			LoadAssemblies (91ms)
			RebuildTransferFunctionScriptingTraits (0ms)
			SetupTypeCache (418ms)
			ReleaseScriptCaches (1ms)
			RebuildScriptCaches (63ms)
			SetupLoadedEditorAssemblies (362ms)
				LogAssemblyErrors (0ms)
				InitializePlatformSupportModulesInManaged (5ms)
				SetLoadedEditorAssemblies (0ms)
				RefreshPlugins (1ms)
				BeforeProcessingInitializeOnLoad (103ms)
				ProcessInitializeOnLoadAttributes (247ms)
				ProcessInitializeOnLoadMethodAttributes (4ms)
				AfterProcessingInitializeOnLoad (2ms)
				EditorAssembliesLoaded (0ms)
			ExecutionOrderSort2 (0ms)
			AwakeInstancesAfterBackupRestoration (7ms)
Platform modules already initialized, skipping
Refreshing native plugins compatible for Editor in 0.41 ms, found 2 plugins.
Preloading 0 native plugins for Editor in 0.00 ms.
Unloading 1398 Unused Serialized files (Serialized files now loaded: 0)
System memory in use before: 95.7 MB.
System memory in use after: 95.8 MB.

Unloading 11 unused Assets to reduce memory usage. Loaded Objects now: 1932.
Total: 3.999000 ms (FindLiveObjects: 0.261100 ms CreateObjectMapping: 0.130200 ms MarkObjects: 3.579000 ms  DeleteObjects: 0.027200 ms)

AssetImportParameters requested are different than current active one (requested -> active):
  custom:framework-win-MediaFoundation: 216162199b28c13a410421893ffa2e32 -> 
  custom:video-decoder-ogg-theora: a1e56fd34408186e4bbccfd4996cb3dc -> 
  custom:container-muxer-webm: aa71ff27fc2769a1b78a27578f13a17b -> 
  custom:container-demuxer-webm: 4f35f7cbe854078d1ac9338744f61a02 -> 
  custom:container-demuxer-ogg: 62fdf1f143b41e24485cea50d1cbac27 -> 
  custom:video-encoder-webm-vp8: eb34c28f22e8b96e1ab97ce403110664 -> 
  custom:video-codec-MediaFoundation-h265: 746d11721c4dcdbdad8f713fa42b33f4 -> 
  custom:video-decoder-webm-vp8: 9c59270c3fd7afecdb556c50c9e8de78 -> 
  custom:audio-decoder-ogg-vorbis: bf7c407c2cedff20999df2af8eb42d56 -> 
  custom:audio-encoder-webm-vorbis: bf7c407c2cedff20999df2af8eb42d56 -> 
========================================================================
Received Import Request.
  Time since last request: 107.911278 seconds.
  path: Assets/Player/unarmed walk back.fbx
  artifactKey: Guid(910ff96aef6a9fa488d927ff993a1d0c) Importer(815301076,1909f56bfc062723c751e8b465ee728b)
Start importing Assets/Player/unarmed walk back.fbx using Guid(910ff96aef6a9fa488d927ff993a1d0c) Importer(815301076,1909f56bfc062723c751e8b465ee728b)  -> (artifact id: '9a3aa0e0267f0cf8e4c0021f7d770c71') in 0.037285 seconds 
  Import took 0.061854 seconds .

========================================================================
Received Prepare
Registering precompiled user dll's ...
Registered in 0.003020 seconds.
Begin MonoManager ReloadAssembly
Native extension for WindowsStandalone target not found
Refreshing native plugins compatible for Editor in 0.36 ms, found 2 plugins.
Preloading 0 native plugins for Editor in 0.00 ms.
Mono: successfully reloaded assembly
- Completed reload, in  1.107 seconds
Domain Reload Profiling:
	ReloadAssembly (1108ms)
		BeginReloadAssembly (163ms)
			ExecutionOrderSort (0ms)
			DisableScriptedObjects (6ms)
			BackupInstance (0ms)
			ReleaseScriptingObjects (0ms)
			CreateAndSetChildDomain (70ms)
		EndReloadAssembly (871ms)
			LoadAssemblies (108ms)
			RebuildTransferFunctionScriptingTraits (0ms)
			SetupTypeCache (305ms)
			ReleaseScriptCaches (2ms)
			RebuildScriptCaches (37ms)
			SetupLoadedEditorAssemblies (307ms)
				LogAssemblyErrors (0ms)
				InitializePlatformSupportModulesInManaged (5ms)
				SetLoadedEditorAssemblies (1ms)
				RefreshPlugins (0ms)
				BeforeProcessingInitializeOnLoad (71ms)
				ProcessInitializeOnLoadAttributes (223ms)
				ProcessInitializeOnLoadMethodAttributes (4ms)
				AfterProcessingInitializeOnLoad (2ms)
				EditorAssembliesLoaded (0ms)
			ExecutionOrderSort2 (0ms)
			AwakeInstancesAfterBackupRestoration (7ms)
Platform modules already initialized, skipping
Refreshing native plugins compatible for Editor in 0.63 ms, found 2 plugins.
Preloading 0 native plugins for Editor in 0.00 ms.
Unloading 1398 Unused Serialized files (Serialized files now loaded: 0)
System memory in use before: 95.7 MB.
System memory in use after: 95.8 MB.

Unloading 11 unused Assets to reduce memory usage. Loaded Objects now: 1934.
Total: 3.799600 ms (FindLiveObjects: 0.222000 ms CreateObjectMapping: 0.117100 ms MarkObjects: 3.435400 ms  DeleteObjects: 0.023100 ms)

AssetImportParameters requested are different than current active one (requested -> active):
  custom:framework-win-MediaFoundation: 216162199b28c13a410421893ffa2e32 -> 
  custom:video-decoder-ogg-theora: a1e56fd34408186e4bbccfd4996cb3dc -> 
  custom:container-muxer-webm: aa71ff27fc2769a1b78a27578f13a17b -> 
  custom:container-demuxer-webm: 4f35f7cbe854078d1ac9338744f61a02 -> 
  custom:container-demuxer-ogg: 62fdf1f143b41e24485cea50d1cbac27 -> 
  custom:video-encoder-webm-vp8: eb34c28f22e8b96e1ab97ce403110664 -> 
  custom:video-codec-MediaFoundation-h265: 746d11721c4dcdbdad8f713fa42b33f4 -> 
  custom:video-decoder-webm-vp8: 9c59270c3fd7afecdb556c50c9e8de78 -> 
  custom:audio-decoder-ogg-vorbis: bf7c407c2cedff20999df2af8eb42d56 -> 
  custom:audio-encoder-webm-vorbis: bf7c407c2cedff20999df2af8eb42d56 -> 
========================================================================
Received Import Request.
  Time since last request: 128.443561 seconds.
  path: Assets/Player/unarmed walk forward.fbx
  artifactKey: Guid(fa8d03190c5f2dc4397a9454d1d8b562) Importer(815301076,1909f56bfc062723c751e8b465ee728b)
Start importing Assets/Player/unarmed walk forward.fbx using Guid(fa8d03190c5f2dc4397a9454d1d8b562) Importer(815301076,1909f56bfc062723c751e8b465ee728b)  -> (artifact id: 'f19313d99a832f6168a6ceed4a3fc6f5') in 0.049172 seconds 
  Import took 0.063191 seconds .

========================================================================
Received Import Request.
  Time since last request: 3.426457 seconds.
  path: Assets/Player/unarmed idle.fbx
  artifactKey: Guid(a825dbae8d0bd744b9f5460aa3a68bba) Importer(815301076,1909f56bfc062723c751e8b465ee728b)
Start importing Assets/Player/unarmed idle.fbx using Guid(a825dbae8d0bd744b9f5460aa3a68bba) Importer(815301076,1909f56bfc062723c751e8b465ee728b)  -> (artifact id: '2177fec8255520b0acffaa12abd9c8c1') in 0.037283 seconds 
  Import took 0.046363 seconds .

========================================================================
Received Import Request.
  Time since last request: 3.959754 seconds.
  path: Assets/Player/unarmed walk back.fbx
  artifactKey: Guid(910ff96aef6a9fa488d927ff993a1d0c) Importer(815301076,1909f56bfc062723c751e8b465ee728b)
Start importing Assets/Player/unarmed walk back.fbx using Guid(910ff96aef6a9fa488d927ff993a1d0c) Importer(815301076,1909f56bfc062723c751e8b465ee728b)  -> (artifact id: 'eb8aaadb9337de03ecce4d69be83c211') in 0.022142 seconds 
  Import took 0.044079 seconds .

========================================================================
Received Prepare
Registering precompiled user dll's ...
Registered in 0.002332 seconds.
Begin MonoManager ReloadAssembly
Native extension for WindowsStandalone target not found
Refreshing native plugins compatible for Editor in 0.47 ms, found 2 plugins.
Preloading 0 native plugins for Editor in 0.00 ms.
Mono: successfully reloaded assembly
- Completed reload, in  1.875 seconds
Domain Reload Profiling:
	ReloadAssembly (1875ms)
		BeginReloadAssembly (241ms)
			ExecutionOrderSort (0ms)
			DisableScriptedObjects (7ms)
			BackupInstance (0ms)
			ReleaseScriptingObjects (0ms)
			CreateAndSetChildDomain (84ms)
		EndReloadAssembly (1475ms)
			LoadAssemblies (210ms)
			RebuildTransferFunctionScriptingTraits (0ms)
			SetupTypeCache (582ms)
			ReleaseScriptCaches (1ms)
			RebuildScriptCaches (67ms)
			SetupLoadedEditorAssemblies (492ms)
				LogAssemblyErrors (0ms)
				InitializePlatformSupportModulesInManaged (6ms)
				SetLoadedEditorAssemblies (1ms)
				RefreshPlugins (1ms)
				BeforeProcessingInitializeOnLoad (125ms)
				ProcessInitializeOnLoadAttributes (349ms)
				ProcessInitializeOnLoadMethodAttributes (6ms)
				AfterProcessingInitializeOnLoad (4ms)
				EditorAssembliesLoaded (0ms)
			ExecutionOrderSort2 (0ms)
			AwakeInstancesAfterBackupRestoration (12ms)
Platform modules already initialized, skipping
Refreshing native plugins compatible for Editor in 1.07 ms, found 2 plugins.
Preloading 0 native plugins for Editor in 0.00 ms.
Unloading 1398 Unused Serialized files (Serialized files now loaded: 0)
System memory in use before: 95.7 MB.
System memory in use after: 95.8 MB.

Unloading 11 unused Assets to reduce memory usage. Loaded Objects now: 1936.
Total: 3.936900 ms (FindLiveObjects: 0.358000 ms CreateObjectMapping: 0.145400 ms MarkObjects: 3.413800 ms  DeleteObjects: 0.018000 ms)

AssetImportParameters requested are different than current active one (requested -> active):
  custom:framework-win-MediaFoundation: 216162199b28c13a410421893ffa2e32 -> 
  custom:video-decoder-ogg-theora: a1e56fd34408186e4bbccfd4996cb3dc -> 
  custom:container-muxer-webm: aa71ff27fc2769a1b78a27578f13a17b -> 
  custom:container-demuxer-webm: 4f35f7cbe854078d1ac9338744f61a02 -> 
  custom:container-demuxer-ogg: 62fdf1f143b41e24485cea50d1cbac27 -> 
  custom:video-encoder-webm-vp8: eb34c28f22e8b96e1ab97ce403110664 -> 
  custom:video-codec-MediaFoundation-h265: 746d11721c4dcdbdad8f713fa42b33f4 -> 
  custom:video-decoder-webm-vp8: 9c59270c3fd7afecdb556c50c9e8de78 -> 
  custom:audio-decoder-ogg-vorbis: bf7c407c2cedff20999df2af8eb42d56 -> 
  custom:audio-encoder-webm-vorbis: bf7c407c2cedff20999df2af8eb42d56 -> 
========================================================================
Received Import Request.
  Time since last request: 148.625340 seconds.
  path: Assets/Player/standing melee attack downward.fbx
  artifactKey: Guid(8917db31e57634b49947088141fcd3b4) Importer(815301076,1909f56bfc062723c751e8b465ee728b)
Start importing Assets/Player/standing melee attack downward.fbx using Guid(8917db31e57634b49947088141fcd3b4) Importer(815301076,1909f56bfc062723c751e8b465ee728b)  -> (artifact id: '565a55b625bd8cbc1780772ab69061f9') in 0.066616 seconds 
  Import took 0.070736 seconds .

========================================================================
Received Import Request.
  Time since last request: 9.993504 seconds.
  path: Assets/Player/standing melee attack downward.fbx
  artifactKey: Guid(8917db31e57634b49947088141fcd3b4) Importer(815301076,1909f56bfc062723c751e8b465ee728b)
Start importing Assets/Player/standing melee attack downward.fbx using Guid(8917db31e57634b49947088141fcd3b4) Importer(815301076,1909f56bfc062723c751e8b465ee728b)  -> (artifact id: '9d1b8034c481748a35a227e7391a7600') in 0.011693 seconds 
  Import took 0.021637 seconds .

========================================================================
Received Import Request.
  Time since last request: 75.330211 seconds.
  path: Assets/Player/standing melee attack downward.fbx
  artifactKey: Guid(8917db31e57634b49947088141fcd3b4) Importer(815301076,1909f56bfc062723c751e8b465ee728b)
Start importing Assets/Player/standing melee attack downward.fbx using Guid(8917db31e57634b49947088141fcd3b4) Importer(815301076,1909f56bfc062723c751e8b465ee728b)  -> (artifact id: '58df98efe172fad893a597c9cdf2a373') in 0.013278 seconds 
  Import took 0.039623 seconds .

========================================================================
Received Import Request.
  Time since last request: 67.523678 seconds.
  path: Assets/Street/textures/building 01_c.tga
  artifactKey: Guid(6cb62239dec8d934cb680ca2ae767775) Importer(815301076,1909f56bfc062723c751e8b465ee728b)
Start importing Assets/Street/textures/building 01_c.tga using Guid(6cb62239dec8d934cb680ca2ae767775) Importer(815301076,1909f56bfc062723c751e8b465ee728b)  -> (artifact id: '274ed0d971562569d475f6dc9491ad89') in 0.333043 seconds 
  Import took 0.351395 seconds .

========================================================================
Received Import Request.
  Time since last request: 0.000182 seconds.
  path: Assets/Street/textures/building 06_ c .tga
  artifactKey: Guid(52dacdceded035444a801c4fc301e5b6) Importer(815301076,1909f56bfc062723c751e8b465ee728b)
Start importing Assets/Street/textures/building 06_ c .tga using Guid(52dacdceded035444a801c4fc301e5b6) Importer(815301076,1909f56bfc062723c751e8b465ee728b)  -> (artifact id: 'f83482b47522bf410b66b91bf8eb3211') in 0.107974 seconds 
  Import took 0.125190 seconds .

========================================================================
Received Import Request.
  Time since last request: 0.000210 seconds.
  path: Assets/Street/textures/building 06_ c.tga
  artifactKey: Guid(a36214a688cad3341bce2a409c4b15a5) Importer(815301076,1909f56bfc062723c751e8b465ee728b)
Start importing Assets/Street/textures/building 06_ c.tga using Guid(a36214a688cad3341bce2a409c4b15a5) Importer(815301076,1909f56bfc062723c751e8b465ee728b)  -> (artifact id: 'c8b3bb313d9f9141e9ec249a16b15c54') in 0.079407 seconds 
  Import took 0.089889 seconds .

========================================================================
Received Import Request.
  Time since last request: 0.485611 seconds.
  path: Assets/Street/textures/building03_c.tga
  artifactKey: Guid(76e0f864f0700f148b158ead79cf7bd6) Importer(815301076,1909f56bfc062723c751e8b465ee728b)
Start importing Assets/Street/textures/building03_c.tga using Guid(76e0f864f0700f148b158ead79cf7bd6) Importer(815301076,1909f56bfc062723c751e8b465ee728b)  -> (artifact id: '7b2320777c52f3e3c0792bba5dec5a6a') in 0.034973 seconds 
  Import took 0.038254 seconds .

========================================================================
Received Import Request.
  Time since last request: 0.000187 seconds.
  path: Assets/Street/textures/building_025_c.tga
  artifactKey: Guid(25a8ce1d5b44a9b49aa5732f571d3dbf) Importer(815301076,1909f56bfc062723c751e8b465ee728b)
Start importing Assets/Street/textures/building_025_c.tga using Guid(25a8ce1d5b44a9b49aa5732f571d3dbf) Importer(815301076,1909f56bfc062723c751e8b465ee728b)  -> (artifact id: 'c9c9944bee9fa9efe0061c0db50df35c') in 0.024656 seconds 
  Import took 0.029624 seconds .

========================================================================
Received Import Request.
  Time since last request: 0.000311 seconds.
  path: Assets/Street/textures/Building_V02_C.png
  artifactKey: Guid(985c42839a40c324bb93834ec804c305) Importer(815301076,1909f56bfc062723c751e8b465ee728b)
Start importing Assets/Street/textures/Building_V02_C.png using Guid(985c42839a40c324bb93834ec804c305) Importer(815301076,1909f56bfc062723c751e8b465ee728b)  -> (artifact id: 'fe4541f6df8430ba7aff11cc14b2620b') in 0.140992 seconds 
  Import took 0.163079 seconds .

========================================================================
Received Import Request.
  Time since last request: 0.000266 seconds.
  path: Assets/orig_orig_orig_17 - Default.mat
  artifactKey: Guid(266e2fd6f0e70074ba0da951ebfcdb57) Importer(815301076,1909f56bfc062723c751e8b465ee728b)
Start importing Assets/orig_orig_orig_17 - Default.mat using Guid(266e2fd6f0e70074ba0da951ebfcdb57) Importer(815301076,1909f56bfc062723c751e8b465ee728b)  -> (artifact id: '5121253e1acd835f0fc5bf86f456c364') in 0.204827 seconds 
  Import took 0.208869 seconds .

========================================================================
Received Import Request.
  Time since last request: 0.000182 seconds.
  path: Assets/Street/textures/building05 _c.tga
  artifactKey: Guid(cb731204eae8462438f6755b3ca41da8) Importer(815301076,1909f56bfc062723c751e8b465ee728b)
Start importing Assets/Street/textures/building05 _c.tga using Guid(cb731204eae8462438f6755b3ca41da8) Importer(815301076,1909f56bfc062723c751e8b465ee728b)  -> (artifact id: '79ab065e80cc58b12c5d33365b424bf3') in 0.036574 seconds 
  Import took 0.058569 seconds .

========================================================================
Received Import Request.
  Time since last request: 0.000278 seconds.
  path: Assets/Street/textures/building_016_c.tga
  artifactKey: Guid(86fa86a3ed3a91c419a2bf400fbfabd1) Importer(815301076,1909f56bfc062723c751e8b465ee728b)
Start importing Assets/Street/textures/building_016_c.tga using Guid(86fa86a3ed3a91c419a2bf400fbfabd1) Importer(815301076,1909f56bfc062723c751e8b465ee728b)  -> (artifact id: '77e8bd9455696a0f6b96f9be497f5427') in 0.025780 seconds 
  Import took 0.045519 seconds .

========================================================================
Received Import Request.
  Time since last request: 0.000300 seconds.
  path: Assets/StreetLamp/textures/MetalBase0121_9_S.jpg
  artifactKey: Guid(445823f15c1119a408499d1b8a14fb07) Importer(815301076,1909f56bfc062723c751e8b465ee728b)
Start importing Assets/StreetLamp/textures/MetalBase0121_9_S.jpg using Guid(445823f15c1119a408499d1b8a14fb07) Importer(815301076,1909f56bfc062723c751e8b465ee728b)  -> (artifact id: '07212d5cac114d36dedbd0aed519dd9c') in 0.075252 seconds 
  Import took 0.104977 seconds .

========================================================================
Received Import Request.
  Time since last request: 0.000185 seconds.
  path: Assets/Street/textures/Building_V01_C.png
  artifactKey: Guid(ccb560c74185b1a408269ddab06e8d38) Importer(815301076,1909f56bfc062723c751e8b465ee728b)
Start importing Assets/Street/textures/Building_V01_C.png using Guid(ccb560c74185b1a408269ddab06e8d38) Importer(815301076,1909f56bfc062723c751e8b465ee728b)  -> (artifact id: 'c2fc4c1190ea49e50b47238f8b6ef679') in 0.021159 seconds 
  Import took 0.027208 seconds .

========================================================================
Received Import Request.
  Time since last request: 0.000202 seconds.
  path: Assets/StreetLamp/textures/MetalBase0123_S.jpg
  artifactKey: Guid(f258120ec028cce419b6a119c5a036ad) Importer(815301076,1909f56bfc062723c751e8b465ee728b)
Start importing Assets/StreetLamp/textures/MetalBase0123_S.jpg using Guid(f258120ec028cce419b6a119c5a036ad) Importer(815301076,1909f56bfc062723c751e8b465ee728b)  -> (artifact id: '43c658db96a3f486945e73fb98c82bfa') in 0.048301 seconds 
  Import took 0.051647 seconds .

========================================================================
Received Import Request.
  Time since last request: 0.000178 seconds.
  path: Assets/Player/unarmed idle.fbx
  artifactKey: Guid(a825dbae8d0bd744b9f5460aa3a68bba) Importer(815301076,1909f56bfc062723c751e8b465ee728b)
Start importing Assets/Player/unarmed idle.fbx using Guid(a825dbae8d0bd744b9f5460aa3a68bba) Importer(815301076,1909f56bfc062723c751e8b465ee728b)  -> (artifact id: '0fff69d25bae4ad25cb03b99a71c1364') in 0.011675 seconds 
  Import took 0.015601 seconds .

========================================================================
Received Import Request.
  Time since last request: 2.855863 seconds.
  path: Assets/Player/unarmed walk forward.fbx
  artifactKey: Guid(fa8d03190c5f2dc4397a9454d1d8b562) Importer(815301076,1909f56bfc062723c751e8b465ee728b)
Start importing Assets/Player/unarmed walk forward.fbx using Guid(fa8d03190c5f2dc4397a9454d1d8b562) Importer(815301076,1909f56bfc062723c751e8b465ee728b)  -> (artifact id: '0be6f03ca49aed69a77341bfa22eabd8') in 0.027674 seconds 
  Import took 0.077011 seconds .

========================================================================
Received Import Request.
  Time since last request: 0.000314 seconds.
  path: Assets/StreetLamp/textures/Fiberglass0014_S.jpg
  artifactKey: Guid(365d9e96e4454a04397b7940106f0a0b) Importer(815301076,1909f56bfc062723c751e8b465ee728b)
Start importing Assets/StreetLamp/textures/Fiberglass0014_S.jpg using Guid(365d9e96e4454a04397b7940106f0a0b) Importer(815301076,1909f56bfc062723c751e8b465ee728b)  -> (artifact id: '3a70a471885855cc097a4d8cb6badefb') in 0.064870 seconds 
  Import took 0.068194 seconds .

========================================================================
Received Import Request.
  Time since last request: 180.960024 seconds.
  path: Assets/Player/standing melee attack downward.fbx
  artifactKey: Guid(8917db31e57634b49947088141fcd3b4) Importer(815301076,1909f56bfc062723c751e8b465ee728b)
Start importing Assets/Player/standing melee attack downward.fbx using Guid(8917db31e57634b49947088141fcd3b4) Importer(815301076,1909f56bfc062723c751e8b465ee728b)  -> (artifact id: '5ccc9f833ede98abbacf179735b25115') in 0.009745 seconds 
  Import took 0.013137 seconds .

========================================================================
Received Import Request.
  Time since last request: 32.806930 seconds.
  path: Assets/Player/standing melee attack downward.fbx
  artifactKey: Guid(8917db31e57634b49947088141fcd3b4) Importer(815301076,1909f56bfc062723c751e8b465ee728b)
Start importing Assets/Player/standing melee attack downward.fbx using Guid(8917db31e57634b49947088141fcd3b4) Importer(815301076,1909f56bfc062723c751e8b465ee728b)  -> (artifact id: '27521a30b6dae3088f0ce97d9215360b') in 0.008864 seconds 
  Import took 0.013825 seconds .

========================================================================
Received Import Request.
  Time since last request: 19.845576 seconds.
  path: Assets/Scripts/Character/PlayerFire.cs
  artifactKey: Guid(319b55790b30ab040849b11c92eeeb09) Importer(815301076,1909f56bfc062723c751e8b465ee728b)
Start importing Assets/Scripts/Character/PlayerFire.cs using Guid(319b55790b30ab040849b11c92eeeb09) Importer(815301076,1909f56bfc062723c751e8b465ee728b)  -> (artifact id: 'a53a975e988a4ca488e08ac9de840634') in 0.024693 seconds 
  Import took 0.077219 seconds .

========================================================================
Received Prepare
Registering precompiled user dll's ...
Registered in 0.002025 seconds.
Begin MonoManager ReloadAssembly
Native extension for WindowsStandalone target not found
Refreshing native plugins compatible for Editor in 0.40 ms, found 2 plugins.
Preloading 0 native plugins for Editor in 0.00 ms.
Mono: successfully reloaded assembly
- Completed reload, in  1.243 seconds
Domain Reload Profiling:
	ReloadAssembly (1244ms)
		BeginReloadAssembly (107ms)
			ExecutionOrderSort (0ms)
			DisableScriptedObjects (4ms)
			BackupInstance (0ms)
			ReleaseScriptingObjects (0ms)
			CreateAndSetChildDomain (36ms)
		EndReloadAssembly (1073ms)
			LoadAssemblies (95ms)
			RebuildTransferFunctionScriptingTraits (0ms)
			SetupTypeCache (489ms)
			ReleaseScriptCaches (1ms)
			RebuildScriptCaches (54ms)
			SetupLoadedEditorAssemblies (319ms)
				LogAssemblyErrors (0ms)
				InitializePlatformSupportModulesInManaged (6ms)
				SetLoadedEditorAssemblies (1ms)
				RefreshPlugins (0ms)
				BeforeProcessingInitializeOnLoad (76ms)
				ProcessInitializeOnLoadAttributes (228ms)
				ProcessInitializeOnLoadMethodAttributes (4ms)
				AfterProcessingInitializeOnLoad (4ms)
				EditorAssembliesLoaded (0ms)
			ExecutionOrderSort2 (0ms)
			AwakeInstancesAfterBackupRestoration (9ms)
Platform modules already initialized, skipping
Refreshing native plugins compatible for Editor in 0.37 ms, found 2 plugins.
Preloading 0 native plugins for Editor in 0.00 ms.
Unloading 1399 Unused Serialized files (Serialized files now loaded: 0)
System memory in use before: 95.8 MB.
System memory in use after: 95.9 MB.

Unloading 11 unused Assets to reduce memory usage. Loaded Objects now: 1942.
Total: 3.005300 ms (FindLiveObjects: 0.160800 ms CreateObjectMapping: 0.048900 ms MarkObjects: 2.772300 ms  DeleteObjects: 0.022000 ms)

AssetImportParameters requested are different than current active one (requested -> active):
  custom:framework-win-MediaFoundation: 216162199b28c13a410421893ffa2e32 -> 
  custom:video-decoder-ogg-theora: a1e56fd34408186e4bbccfd4996cb3dc -> 
  custom:container-muxer-webm: aa71ff27fc2769a1b78a27578f13a17b -> 
  custom:container-demuxer-webm: 4f35f7cbe854078d1ac9338744f61a02 -> 
  custom:container-demuxer-ogg: 62fdf1f143b41e24485cea50d1cbac27 -> 
  custom:video-encoder-webm-vp8: eb34c28f22e8b96e1ab97ce403110664 -> 
  custom:video-codec-MediaFoundation-h265: 746d11721c4dcdbdad8f713fa42b33f4 -> 
  custom:video-decoder-webm-vp8: 9c59270c3fd7afecdb556c50c9e8de78 -> 
  custom:audio-decoder-ogg-vorbis: bf7c407c2cedff20999df2af8eb42d56 -> 
  custom:audio-encoder-webm-vorbis: bf7c407c2cedff20999df2af8eb42d56 -> 
========================================================================
Received Prepare
Registering precompiled user dll's ...
Registered in 0.001927 seconds.
Begin MonoManager ReloadAssembly
Native extension for WindowsStandalone target not found
Refreshing native plugins compatible for Editor in 0.33 ms, found 2 plugins.
Preloading 0 native plugins for Editor in 0.00 ms.
Mono: successfully reloaded assembly
- Completed reload, in  1.110 seconds
Domain Reload Profiling:
	ReloadAssembly (1110ms)
		BeginReloadAssembly (146ms)
			ExecutionOrderSort (0ms)
			DisableScriptedObjects (5ms)
			BackupInstance (0ms)
			ReleaseScriptingObjects (0ms)
			CreateAndSetChildDomain (40ms)
		EndReloadAssembly (888ms)
			LoadAssemblies (110ms)
			RebuildTransferFunctionScriptingTraits (0ms)
			SetupTypeCache (318ms)
			ReleaseScriptCaches (1ms)
			RebuildScriptCaches (55ms)
			SetupLoadedEditorAssemblies (312ms)
				LogAssemblyErrors (0ms)
				InitializePlatformSupportModulesInManaged (5ms)
				SetLoadedEditorAssemblies (0ms)
				RefreshPlugins (0ms)
				BeforeProcessingInitializeOnLoad (62ms)
				ProcessInitializeOnLoadAttributes (238ms)
				ProcessInitializeOnLoadMethodAttributes (5ms)
				AfterProcessingInitializeOnLoad (2ms)
				EditorAssembliesLoaded (0ms)
			ExecutionOrderSort2 (0ms)
			AwakeInstancesAfterBackupRestoration (7ms)
Platform modules already initialized, skipping
Refreshing native plugins compatible for Editor in 0.50 ms, found 2 plugins.
Preloading 0 native plugins for Editor in 0.00 ms.
Unloading 1399 Unused Serialized files (Serialized files now loaded: 0)
System memory in use before: 95.8 MB.
System memory in use after: 95.9 MB.

Unloading 11 unused Assets to reduce memory usage. Loaded Objects now: 1944.
Total: 3.452500 ms (FindLiveObjects: 0.237500 ms CreateObjectMapping: 0.134900 ms MarkObjects: 3.058200 ms  DeleteObjects: 0.020300 ms)

AssetImportParameters requested are different than current active one (requested -> active):
  custom:framework-win-MediaFoundation: 216162199b28c13a410421893ffa2e32 -> 
  custom:video-decoder-ogg-theora: a1e56fd34408186e4bbccfd4996cb3dc -> 
  custom:container-muxer-webm: aa71ff27fc2769a1b78a27578f13a17b -> 
  custom:container-demuxer-webm: 4f35f7cbe854078d1ac9338744f61a02 -> 
  custom:container-demuxer-ogg: 62fdf1f143b41e24485cea50d1cbac27 -> 
  custom:video-encoder-webm-vp8: eb34c28f22e8b96e1ab97ce403110664 -> 
  custom:video-codec-MediaFoundation-h265: 746d11721c4dcdbdad8f713fa42b33f4 -> 
  custom:video-decoder-webm-vp8: 9c59270c3fd7afecdb556c50c9e8de78 -> 
  custom:audio-decoder-ogg-vorbis: bf7c407c2cedff20999df2af8eb42d56 -> 
  custom:audio-encoder-webm-vorbis: bf7c407c2cedff20999df2af8eb42d56 -> 
========================================================================
Received Import Request.
  Time since last request: 624.181864 seconds.
  path: Assets/Scripts/Character/Character.cs
  artifactKey: Guid(e5d95f13a4ef41b4ca11e75070d4e788) Importer(815301076,1909f56bfc062723c751e8b465ee728b)
Start importing Assets/Scripts/Character/Character.cs using Guid(e5d95f13a4ef41b4ca11e75070d4e788) Importer(815301076,1909f56bfc062723c751e8b465ee728b)  -> (artifact id: '82c3e939cf22dd40e7bfc43e0329d69d') in 0.008155 seconds 
  Import took 0.033592 seconds .

========================================================================
Received Prepare
Registering precompiled user dll's ...
Registered in 0.002307 seconds.
Begin MonoManager ReloadAssembly
Native extension for WindowsStandalone target not found
Refreshing native plugins compatible for Editor in 0.44 ms, found 2 plugins.
Preloading 0 native plugins for Editor in 0.00 ms.
Mono: successfully reloaded assembly
- Completed reload, in  1.235 seconds
Domain Reload Profiling:
	ReloadAssembly (1236ms)
		BeginReloadAssembly (128ms)
			ExecutionOrderSort (0ms)
			DisableScriptedObjects (7ms)
			BackupInstance (0ms)
			ReleaseScriptingObjects (0ms)
			CreateAndSetChildDomain (43ms)
		EndReloadAssembly (1023ms)
			LoadAssemblies (110ms)
			RebuildTransferFunctionScriptingTraits (0ms)
			SetupTypeCache (399ms)
			ReleaseScriptCaches (1ms)
			RebuildScriptCaches (48ms)
			SetupLoadedEditorAssemblies (348ms)
				LogAssemblyErrors (0ms)
				InitializePlatformSupportModulesInManaged (8ms)
				SetLoadedEditorAssemblies (1ms)
				RefreshPlugins (1ms)
				BeforeProcessingInitializeOnLoad (83ms)
				ProcessInitializeOnLoadAttributes (250ms)
				ProcessInitializeOnLoadMethodAttributes (4ms)
				AfterProcessingInitializeOnLoad (2ms)
				EditorAssembliesLoaded (0ms)
			ExecutionOrderSort2 (0ms)
			AwakeInstancesAfterBackupRestoration (7ms)
Platform modules already initialized, skipping
Refreshing native plugins compatible for Editor in 0.43 ms, found 2 plugins.
Preloading 0 native plugins for Editor in 0.00 ms.
Unloading 1399 Unused Serialized files (Serialized files now loaded: 0)
System memory in use before: 95.8 MB.
System memory in use after: 95.9 MB.

Unloading 11 unused Assets to reduce memory usage. Loaded Objects now: 1946.
Total: 3.329500 ms (FindLiveObjects: 0.191400 ms CreateObjectMapping: 0.088800 ms MarkObjects: 3.031900 ms  DeleteObjects: 0.016300 ms)

AssetImportParameters requested are different than current active one (requested -> active):
  custom:framework-win-MediaFoundation: 216162199b28c13a410421893ffa2e32 -> 
  custom:video-decoder-ogg-theora: a1e56fd34408186e4bbccfd4996cb3dc -> 
  custom:container-muxer-webm: aa71ff27fc2769a1b78a27578f13a17b -> 
  custom:container-demuxer-webm: 4f35f7cbe854078d1ac9338744f61a02 -> 
  custom:container-demuxer-ogg: 62fdf1f143b41e24485cea50d1cbac27 -> 
  custom:video-encoder-webm-vp8: eb34c28f22e8b96e1ab97ce403110664 -> 
  custom:video-codec-MediaFoundation-h265: 746d11721c4dcdbdad8f713fa42b33f4 -> 
  custom:video-decoder-webm-vp8: 9c59270c3fd7afecdb556c50c9e8de78 -> 
  custom:audio-decoder-ogg-vorbis: bf7c407c2cedff20999df2af8eb42d56 -> 
  custom:audio-encoder-webm-vorbis: bf7c407c2cedff20999df2af8eb42d56 -> 
========================================================================
Received Import Request.
  Time since last request: 98.726281 seconds.
  path: Assets/Scripts/Character/Character.cs
  artifactKey: Guid(e5d95f13a4ef41b4ca11e75070d4e788) Importer(815301076,1909f56bfc062723c751e8b465ee728b)
Start importing Assets/Scripts/Character/Character.cs using Guid(e5d95f13a4ef41b4ca11e75070d4e788) Importer(815301076,1909f56bfc062723c751e8b465ee728b)  -> (artifact id: '60581ba85a7969f280cc1aa9d03332a6') in 0.004731 seconds 
  Import took 0.013405 seconds .

========================================================================
Received Prepare
Registering precompiled user dll's ...
Registered in 0.003495 seconds.
Begin MonoManager ReloadAssembly
Native extension for WindowsStandalone target not found
Refreshing native plugins compatible for Editor in 0.53 ms, found 2 plugins.
Preloading 0 native plugins for Editor in 0.00 ms.
Mono: successfully reloaded assembly
- Completed reload, in  1.137 seconds
Domain Reload Profiling:
	ReloadAssembly (1138ms)
		BeginReloadAssembly (117ms)
			ExecutionOrderSort (0ms)
			DisableScriptedObjects (8ms)
			BackupInstance (0ms)
			ReleaseScriptingObjects (0ms)
			CreateAndSetChildDomain (33ms)
		EndReloadAssembly (951ms)
			LoadAssemblies (106ms)
			RebuildTransferFunctionScriptingTraits (0ms)
			SetupTypeCache (318ms)
			ReleaseScriptCaches (1ms)
			RebuildScriptCaches (43ms)
			SetupLoadedEditorAssemblies (362ms)
				LogAssemblyErrors (0ms)
				InitializePlatformSupportModulesInManaged (5ms)
				SetLoadedEditorAssemblies (1ms)
				RefreshPlugins (1ms)
				BeforeProcessingInitializeOnLoad (72ms)
				ProcessInitializeOnLoadAttributes (275ms)
				ProcessInitializeOnLoadMethodAttributes (4ms)
				AfterProcessingInitializeOnLoad (3ms)
				EditorAssembliesLoaded (0ms)
			ExecutionOrderSort2 (0ms)
			AwakeInstancesAfterBackupRestoration (11ms)
Platform modules already initialized, skipping
Refreshing native plugins compatible for Editor in 0.33 ms, found 2 plugins.
Preloading 0 native plugins for Editor in 0.00 ms.
Unloading 1399 Unused Serialized files (Serialized files now loaded: 0)
System memory in use before: 95.8 MB.
System memory in use after: 95.9 MB.

Unloading 11 unused Assets to reduce memory usage. Loaded Objects now: 1948.
Total: 3.985100 ms (FindLiveObjects: 0.179100 ms CreateObjectMapping: 0.049400 ms MarkObjects: 3.733200 ms  DeleteObjects: 0.021100 ms)

AssetImportParameters requested are different than current active one (requested -> active):
  custom:framework-win-MediaFoundation: 216162199b28c13a410421893ffa2e32 -> 
  custom:video-decoder-ogg-theora: a1e56fd34408186e4bbccfd4996cb3dc -> 
  custom:container-muxer-webm: aa71ff27fc2769a1b78a27578f13a17b -> 
  custom:container-demuxer-webm: 4f35f7cbe854078d1ac9338744f61a02 -> 
  custom:container-demuxer-ogg: 62fdf1f143b41e24485cea50d1cbac27 -> 
  custom:video-encoder-webm-vp8: eb34c28f22e8b96e1ab97ce403110664 -> 
  custom:video-codec-MediaFoundation-h265: 746d11721c4dcdbdad8f713fa42b33f4 -> 
  custom:video-decoder-webm-vp8: 9c59270c3fd7afecdb556c50c9e8de78 -> 
  custom:audio-decoder-ogg-vorbis: bf7c407c2cedff20999df2af8eb42d56 -> 
  custom:audio-encoder-webm-vorbis: bf7c407c2cedff20999df2af8eb42d56 -> 
========================================================================
Received Prepare
Registering precompiled user dll's ...
Registered in 0.003142 seconds.
Begin MonoManager ReloadAssembly
Native extension for WindowsStandalone target not found
Refreshing native plugins compatible for Editor in 0.36 ms, found 2 plugins.
Preloading 0 native plugins for Editor in 0.00 ms.
Mono: successfully reloaded assembly
- Completed reload, in  1.062 seconds
Domain Reload Profiling:
	ReloadAssembly (1063ms)
		BeginReloadAssembly (108ms)
			ExecutionOrderSort (0ms)
			DisableScriptedObjects (5ms)
			BackupInstance (0ms)
			ReleaseScriptingObjects (0ms)
			CreateAndSetChildDomain (42ms)
		EndReloadAssembly (891ms)
			LoadAssemblies (76ms)
			RebuildTransferFunctionScriptingTraits (0ms)
			SetupTypeCache (302ms)
			ReleaseScriptCaches (1ms)
			RebuildScriptCaches (50ms)
			SetupLoadedEditorAssemblies (351ms)
				LogAssemblyErrors (0ms)
				InitializePlatformSupportModulesInManaged (5ms)
				SetLoadedEditorAssemblies (0ms)
				RefreshPlugins (0ms)
				BeforeProcessingInitializeOnLoad (66ms)
				ProcessInitializeOnLoadAttributes (272ms)
				ProcessInitializeOnLoadMethodAttributes (4ms)
				AfterProcessingInitializeOnLoad (3ms)
				EditorAssembliesLoaded (0ms)
			ExecutionOrderSort2 (0ms)
			AwakeInstancesAfterBackupRestoration (10ms)
Platform modules already initialized, skipping
Refreshing native plugins compatible for Editor in 0.50 ms, found 2 plugins.
Preloading 0 native plugins for Editor in 0.00 ms.
Unloading 1399 Unused Serialized files (Serialized files now loaded: 0)
System memory in use before: 95.8 MB.
System memory in use after: 95.9 MB.

Unloading 11 unused Assets to reduce memory usage. Loaded Objects now: 1950.
Total: 2.717400 ms (FindLiveObjects: 0.157500 ms CreateObjectMapping: 0.046600 ms MarkObjects: 2.495700 ms  DeleteObjects: 0.016300 ms)

AssetImportParameters requested are different than current active one (requested -> active):
  custom:framework-win-MediaFoundation: 216162199b28c13a410421893ffa2e32 -> 
  custom:video-decoder-ogg-theora: a1e56fd34408186e4bbccfd4996cb3dc -> 
  custom:container-muxer-webm: aa71ff27fc2769a1b78a27578f13a17b -> 
  custom:container-demuxer-webm: 4f35f7cbe854078d1ac9338744f61a02 -> 
  custom:container-demuxer-ogg: 62fdf1f143b41e24485cea50d1cbac27 -> 
  custom:video-encoder-webm-vp8: eb34c28f22e8b96e1ab97ce403110664 -> 
  custom:video-codec-MediaFoundation-h265: 746d11721c4dcdbdad8f713fa42b33f4 -> 
  custom:video-decoder-webm-vp8: 9c59270c3fd7afecdb556c50c9e8de78 -> 
  custom:audio-decoder-ogg-vorbis: bf7c407c2cedff20999df2af8eb42d56 -> 
  custom:audio-encoder-webm-vorbis: bf7c407c2cedff20999df2af8eb42d56 -> 
========================================================================
Received Import Request.
  Time since last request: 884.670229 seconds.
  path: Assets/Player/standing taunt battlecry.fbx
  artifactKey: Guid(4132385bbec27914b902e914cb1610ec) Importer(815301076,1909f56bfc062723c751e8b465ee728b)
Start importing Assets/Player/standing taunt battlecry.fbx using Guid(4132385bbec27914b902e914cb1610ec) Importer(815301076,1909f56bfc062723c751e8b465ee728b)  -> (artifact id: '262e57abefe107003bf6c6f8f9b13c43') in 0.058419 seconds 
  Import took 0.061862 seconds .

========================================================================
Received Import Request.
  Time since last request: 17.995198 seconds.
  path: Assets/Player/standing taunt battlecry.fbx
  artifactKey: Guid(4132385bbec27914b902e914cb1610ec) Importer(815301076,1909f56bfc062723c751e8b465ee728b)
Start importing Assets/Player/standing taunt battlecry.fbx using Guid(4132385bbec27914b902e914cb1610ec) Importer(815301076,1909f56bfc062723c751e8b465ee728b)  -> (artifact id: 'c94e638a254e62f1b90f05951fdfa01d') in 0.013118 seconds 
  Import took 0.016163 seconds .

========================================================================
Received Import Request.
  Time since last request: 39.329259 seconds.
  path: Assets/Player/standing taunt battlecry.fbx
  artifactKey: Guid(4132385bbec27914b902e914cb1610ec) Importer(815301076,1909f56bfc062723c751e8b465ee728b)
Start importing Assets/Player/standing taunt battlecry.fbx using Guid(4132385bbec27914b902e914cb1610ec) Importer(815301076,1909f56bfc062723c751e8b465ee728b)  -> (artifact id: '336b17ef0dffbf2820b66aa193d2af2d') in 0.013127 seconds 
  Import took 0.034594 seconds .

========================================================================
Received Prepare
Registering precompiled user dll's ...
Registered in 0.002235 seconds.
Begin MonoManager ReloadAssembly
Native extension for WindowsStandalone target not found
Refreshing native plugins compatible for Editor in 0.55 ms, found 2 plugins.
Preloading 0 native plugins for Editor in 0.00 ms.
Mono: successfully reloaded assembly
- Completed reload, in  1.249 seconds
Domain Reload Profiling:
	ReloadAssembly (1249ms)
		BeginReloadAssembly (134ms)
			ExecutionOrderSort (0ms)
			DisableScriptedObjects (5ms)
			BackupInstance (0ms)
			ReleaseScriptingObjects (0ms)
			CreateAndSetChildDomain (47ms)
		EndReloadAssembly (1038ms)
			LoadAssemblies (113ms)
			RebuildTransferFunctionScriptingTraits (0ms)
			SetupTypeCache (411ms)
			ReleaseScriptCaches (1ms)
			RebuildScriptCaches (42ms)
			SetupLoadedEditorAssemblies (351ms)
				LogAssemblyErrors (0ms)
				InitializePlatformSupportModulesInManaged (5ms)
				SetLoadedEditorAssemblies (1ms)
				RefreshPlugins (1ms)
				BeforeProcessingInitializeOnLoad (77ms)
				ProcessInitializeOnLoadAttributes (261ms)
				ProcessInitializeOnLoadMethodAttributes (4ms)
				AfterProcessingInitializeOnLoad (2ms)
				EditorAssembliesLoaded (0ms)
			ExecutionOrderSort2 (0ms)
			AwakeInstancesAfterBackupRestoration (7ms)
Platform modules already initialized, skipping
Refreshing native plugins compatible for Editor in 1.05 ms, found 2 plugins.
Preloading 0 native plugins for Editor in 0.00 ms.
Unloading 1399 Unused Serialized files (Serialized files now loaded: 0)
System memory in use before: 95.8 MB.
System memory in use after: 95.9 MB.

Unloading 11 unused Assets to reduce memory usage. Loaded Objects now: 1952.
Total: 4.068400 ms (FindLiveObjects: 0.216000 ms CreateObjectMapping: 0.068000 ms MarkObjects: 3.757000 ms  DeleteObjects: 0.025800 ms)

AssetImportParameters requested are different than current active one (requested -> active):
  custom:framework-win-MediaFoundation: 216162199b28c13a410421893ffa2e32 -> 
  custom:video-decoder-ogg-theora: a1e56fd34408186e4bbccfd4996cb3dc -> 
  custom:container-muxer-webm: aa71ff27fc2769a1b78a27578f13a17b -> 
  custom:container-demuxer-webm: 4f35f7cbe854078d1ac9338744f61a02 -> 
  custom:container-demuxer-ogg: 62fdf1f143b41e24485cea50d1cbac27 -> 
  custom:video-encoder-webm-vp8: eb34c28f22e8b96e1ab97ce403110664 -> 
  custom:video-codec-MediaFoundation-h265: 746d11721c4dcdbdad8f713fa42b33f4 -> 
  custom:video-decoder-webm-vp8: 9c59270c3fd7afecdb556c50c9e8de78 -> 
  custom:audio-decoder-ogg-vorbis: bf7c407c2cedff20999df2af8eb42d56 -> 
  custom:audio-encoder-webm-vorbis: bf7c407c2cedff20999df2af8eb42d56 -> 
========================================================================
Received Prepare
Registering precompiled user dll's ...
Registered in 0.001890 seconds.
Begin MonoManager ReloadAssembly
Native extension for WindowsStandalone target not found
Refreshing native plugins compatible for Editor in 0.38 ms, found 2 plugins.
Preloading 0 native plugins for Editor in 0.00 ms.
Mono: successfully reloaded assembly
- Completed reload, in  1.113 seconds
Domain Reload Profiling:
	ReloadAssembly (1114ms)
		BeginReloadAssembly (123ms)
			ExecutionOrderSort (0ms)
			DisableScriptedObjects (5ms)
			BackupInstance (0ms)
			ReleaseScriptingObjects (0ms)
			CreateAndSetChildDomain (44ms)
		EndReloadAssembly (928ms)
			LoadAssemblies (105ms)
			RebuildTransferFunctionScriptingTraits (0ms)
			SetupTypeCache (394ms)
			ReleaseScriptCaches (1ms)
			RebuildScriptCaches (44ms)
			SetupLoadedEditorAssemblies (296ms)
				LogAssemblyErrors (0ms)
				InitializePlatformSupportModulesInManaged (6ms)
				SetLoadedEditorAssemblies (0ms)
				RefreshPlugins (0ms)
				BeforeProcessingInitializeOnLoad (63ms)
				ProcessInitializeOnLoadAttributes (220ms)
				ProcessInitializeOnLoadMethodAttributes (4ms)
				AfterProcessingInitializeOnLoad (2ms)
				EditorAssembliesLoaded (0ms)
			ExecutionOrderSort2 (0ms)
			AwakeInstancesAfterBackupRestoration (7ms)
Platform modules already initialized, skipping
Refreshing native plugins compatible for Editor in 0.36 ms, found 2 plugins.
Preloading 0 native plugins for Editor in 0.00 ms.
Unloading 1399 Unused Serialized files (Serialized files now loaded: 0)
System memory in use before: 95.8 MB.
System memory in use after: 95.9 MB.

Unloading 11 unused Assets to reduce memory usage. Loaded Objects now: 1954.
Total: 3.415000 ms (FindLiveObjects: 0.245900 ms CreateObjectMapping: 0.115900 ms MarkObjects: 3.033900 ms  DeleteObjects: 0.018300 ms)

AssetImportParameters requested are different than current active one (requested -> active):
  custom:framework-win-MediaFoundation: 216162199b28c13a410421893ffa2e32 -> 
  custom:video-decoder-ogg-theora: a1e56fd34408186e4bbccfd4996cb3dc -> 
  custom:container-muxer-webm: aa71ff27fc2769a1b78a27578f13a17b -> 
  custom:container-demuxer-webm: 4f35f7cbe854078d1ac9338744f61a02 -> 
  custom:container-demuxer-ogg: 62fdf1f143b41e24485cea50d1cbac27 -> 
  custom:video-encoder-webm-vp8: eb34c28f22e8b96e1ab97ce403110664 -> 
  custom:video-codec-MediaFoundation-h265: 746d11721c4dcdbdad8f713fa42b33f4 -> 
  custom:video-decoder-webm-vp8: 9c59270c3fd7afecdb556c50c9e8de78 -> 
  custom:audio-decoder-ogg-vorbis: bf7c407c2cedff20999df2af8eb42d56 -> 
  custom:audio-encoder-webm-vorbis: bf7c407c2cedff20999df2af8eb42d56 -> 
========================================================================
Received Import Request.
  Time since last request: 470.728898 seconds.
  path: Assets/Player/standing taunt battlecry.fbx
  artifactKey: Guid(4132385bbec27914b902e914cb1610ec) Importer(815301076,1909f56bfc062723c751e8b465ee728b)
Start importing Assets/Player/standing taunt battlecry.fbx using Guid(4132385bbec27914b902e914cb1610ec) Importer(815301076,1909f56bfc062723c751e8b465ee728b)  -> (artifact id: '8fa2a145c62405eb03fa669ab0475afd') in 0.039836 seconds 
  Import took 0.064112 seconds .

========================================================================
Received Import Request.
  Time since last request: 64.010225 seconds.
  path: Assets/Player/standing taunt battlecry.fbx
  artifactKey: Guid(4132385bbec27914b902e914cb1610ec) Importer(815301076,1909f56bfc062723c751e8b465ee728b)
Start importing Assets/Player/standing taunt battlecry.fbx using Guid(4132385bbec27914b902e914cb1610ec) Importer(815301076,1909f56bfc062723c751e8b465ee728b)  -> (artifact id: '3bebb5ff24e738183b414dcae9398a9d') in 0.010170 seconds 
  Import took 0.013693 seconds .

========================================================================
Received Import Request.
  Time since last request: 9.628555 seconds.
  path: Assets/Scripts/Character/PlayerFire.cs
  artifactKey: Guid(319b55790b30ab040849b11c92eeeb09) Importer(815301076,1909f56bfc062723c751e8b465ee728b)
Start importing Assets/Scripts/Character/PlayerFire.cs using Guid(319b55790b30ab040849b11c92eeeb09) Importer(815301076,1909f56bfc062723c751e8b465ee728b)  -> (artifact id: 'f48fdfcc1cad7fca3c585ed18dd77552') in 0.002387 seconds 
  Import took 0.005907 seconds .

========================================================================
Received Prepare
Registering precompiled user dll's ...
Registered in 0.002698 seconds.
Begin MonoManager ReloadAssembly
Native extension for WindowsStandalone target not found
Refreshing native plugins compatible for Editor in 0.38 ms, found 2 plugins.
Preloading 0 native plugins for Editor in 0.00 ms.
Mono: successfully reloaded assembly
- Completed reload, in  1.150 seconds
Domain Reload Profiling:
	ReloadAssembly (1150ms)
		BeginReloadAssembly (136ms)
			ExecutionOrderSort (0ms)
			DisableScriptedObjects (6ms)
			BackupInstance (0ms)
			ReleaseScriptingObjects (0ms)
			CreateAndSetChildDomain (56ms)
		EndReloadAssembly (929ms)
			LoadAssemblies (109ms)
			RebuildTransferFunctionScriptingTraits (0ms)
			SetupTypeCache (367ms)
			ReleaseScriptCaches (1ms)
			RebuildScriptCaches (44ms)
			SetupLoadedEditorAssemblies (291ms)
				LogAssemblyErrors (0ms)
				InitializePlatformSupportModulesInManaged (5ms)
				SetLoadedEditorAssemblies (0ms)
				RefreshPlugins (0ms)
				BeforeProcessingInitializeOnLoad (76ms)
				ProcessInitializeOnLoadAttributes (202ms)
				ProcessInitializeOnLoadMethodAttributes (4ms)
				AfterProcessingInitializeOnLoad (2ms)
				EditorAssembliesLoaded (0ms)
			ExecutionOrderSort2 (0ms)
			AwakeInstancesAfterBackupRestoration (7ms)
Platform modules already initialized, skipping
Refreshing native plugins compatible for Editor in 0.54 ms, found 2 plugins.
Preloading 0 native plugins for Editor in 0.00 ms.
Unloading 1399 Unused Serialized files (Serialized files now loaded: 0)
System memory in use before: 95.8 MB.
System memory in use after: 95.9 MB.

Unloading 11 unused Assets to reduce memory usage. Loaded Objects now: 1956.
Total: 3.568500 ms (FindLiveObjects: 0.383500 ms CreateObjectMapping: 0.122900 ms MarkObjects: 3.041500 ms  DeleteObjects: 0.018500 ms)

AssetImportParameters requested are different than current active one (requested -> active):
  custom:framework-win-MediaFoundation: 216162199b28c13a410421893ffa2e32 -> 
  custom:video-decoder-ogg-theora: a1e56fd34408186e4bbccfd4996cb3dc -> 
  custom:container-muxer-webm: aa71ff27fc2769a1b78a27578f13a17b -> 
  custom:container-demuxer-webm: 4f35f7cbe854078d1ac9338744f61a02 -> 
  custom:container-demuxer-ogg: 62fdf1f143b41e24485cea50d1cbac27 -> 
  custom:video-encoder-webm-vp8: eb34c28f22e8b96e1ab97ce403110664 -> 
  custom:video-codec-MediaFoundation-h265: 746d11721c4dcdbdad8f713fa42b33f4 -> 
  custom:video-decoder-webm-vp8: 9c59270c3fd7afecdb556c50c9e8de78 -> 
  custom:audio-decoder-ogg-vorbis: bf7c407c2cedff20999df2af8eb42d56 -> 
  custom:audio-encoder-webm-vorbis: bf7c407c2cedff20999df2af8eb42d56 -> 
========================================================================
Received Import Request.
  Time since last request: 201.891475 seconds.
  path: Assets/Scripts/Character/PlayerFire.cs
  artifactKey: Guid(319b55790b30ab040849b11c92eeeb09) Importer(815301076,1909f56bfc062723c751e8b465ee728b)
Start importing Assets/Scripts/Character/PlayerFire.cs using Guid(319b55790b30ab040849b11c92eeeb09) Importer(815301076,1909f56bfc062723c751e8b465ee728b)  -> (artifact id: 'd6db3ec71ffcdd448f88778e88c7a31e') in 0.008200 seconds 
  Import took 0.024094 seconds .

========================================================================
Received Prepare
Registering precompiled user dll's ...
Registered in 0.004878 seconds.
Begin MonoManager ReloadAssembly
Native extension for WindowsStandalone target not found
Refreshing native plugins compatible for Editor in 0.35 ms, found 2 plugins.
Preloading 0 native plugins for Editor in 0.00 ms.
Mono: successfully reloaded assembly
- Completed reload, in  1.445 seconds
Domain Reload Profiling:
	ReloadAssembly (1445ms)
		BeginReloadAssembly (154ms)
			ExecutionOrderSort (0ms)
			DisableScriptedObjects (8ms)
			BackupInstance (0ms)
			ReleaseScriptingObjects (0ms)
			CreateAndSetChildDomain (52ms)
		EndReloadAssembly (1200ms)
			LoadAssemblies (128ms)
			RebuildTransferFunctionScriptingTraits (0ms)
			SetupTypeCache (470ms)
			ReleaseScriptCaches (1ms)
			RebuildScriptCaches (56ms)
			SetupLoadedEditorAssemblies (403ms)
				LogAssemblyErrors (0ms)
				InitializePlatformSupportModulesInManaged (6ms)
				SetLoadedEditorAssemblies (0ms)
				RefreshPlugins (0ms)
				BeforeProcessingInitializeOnLoad (89ms)
				ProcessInitializeOnLoadAttributes (293ms)
				ProcessInitializeOnLoadMethodAttributes (11ms)
				AfterProcessingInitializeOnLoad (3ms)
				EditorAssembliesLoaded (1ms)
			ExecutionOrderSort2 (0ms)
			AwakeInstancesAfterBackupRestoration (11ms)
Platform modules already initialized, skipping
Refreshing native plugins compatible for Editor in 0.35 ms, found 2 plugins.
Preloading 0 native plugins for Editor in 0.00 ms.
Unloading 1399 Unused Serialized files (Serialized files now loaded: 0)
System memory in use before: 95.8 MB.
System memory in use after: 96.0 MB.

Unloading 11 unused Assets to reduce memory usage. Loaded Objects now: 1958.
Total: 8.423000 ms (FindLiveObjects: 0.660100 ms CreateObjectMapping: 0.264500 ms MarkObjects: 7.464000 ms  DeleteObjects: 0.032700 ms)

AssetImportParameters requested are different than current active one (requested -> active):
  custom:framework-win-MediaFoundation: 216162199b28c13a410421893ffa2e32 -> 
  custom:video-decoder-ogg-theora: a1e56fd34408186e4bbccfd4996cb3dc -> 
  custom:container-muxer-webm: aa71ff27fc2769a1b78a27578f13a17b -> 
  custom:container-demuxer-webm: 4f35f7cbe854078d1ac9338744f61a02 -> 
  custom:container-demuxer-ogg: 62fdf1f143b41e24485cea50d1cbac27 -> 
  custom:video-encoder-webm-vp8: eb34c28f22e8b96e1ab97ce403110664 -> 
  custom:video-codec-MediaFoundation-h265: 746d11721c4dcdbdad8f713fa42b33f4 -> 
  custom:video-decoder-webm-vp8: 9c59270c3fd7afecdb556c50c9e8de78 -> 
  custom:audio-decoder-ogg-vorbis: bf7c407c2cedff20999df2af8eb42d56 -> 
  custom:audio-encoder-webm-vorbis: bf7c407c2cedff20999df2af8eb42d56 -> 
========================================================================
Received Import Request.
  Time since last request: 443.792521 seconds.
  path: Assets/Player/standing melee attack downward.fbx
  artifactKey: Guid(8917db31e57634b49947088141fcd3b4) Importer(815301076,1909f56bfc062723c751e8b465ee728b)
Start importing Assets/Player/standing melee attack downward.fbx using Guid(8917db31e57634b49947088141fcd3b4) Importer(815301076,1909f56bfc062723c751e8b465ee728b)  -> (artifact id: '29b1ee22814ce3110e60901c5b148790') in 0.147739 seconds 
  Import took 0.163670 seconds .

